#META	{"id":"cardgame_20260227_151056","startedAt":"2026-02-27T14:10:56.7881880Z"}
1	2026-02-27T14:10:56.7936047Z	GameStart	{ firstPlayer = Joueur 1, deckJoueur1 = Magicien, deckJoueur2 = Magicien, seed = 454790312, pvInitial = 100 }
2	2026-02-27T14:10:56.7966766Z	StartTurn	{ joueur = Joueur 1, turnNumber = 1, turnCount = 0, discarded = 0, deckKind = Magicien }
3	2026-02-27T14:10:56.8553920Z	Draw	{ joueur = Joueur 1, requested = 3, drawn = 3, deckRemaining = 27, handCount = 3, mana = 1, turnNumber = 1 }
4	2026-02-27T14:11:02.0361844Z	Draw	{ joueur = Joueur 1, requested = 2, drawn = 2, deckRemaining = 25, handCount = 4 }
5	2026-02-27T14:11:02.0378285Z	PlayCard	{ joueur = Joueur 1, carte = Divination, cardId = Divination, handIndex = 2, manaApres = 0, handCount = 4, cible = Joueur 2, toGraveyard = True, turnNumber = 1 }
6	2026-02-27T14:11:12.0808217Z	DivinationPutBack	{ joueur = Joueur 1, putBackIndex = 0, carteRemise = Concentration, cardId = Concentration, turnNumber = 1 }
7	2026-02-27T14:11:25.4205563Z	StrikeReactionPhase	{ frappeur = Joueur 1, cible = Joueur 2, baseDamage = 1, casterForce = 0, damageTotal = 1, turnNumber = 1 }
8	2026-02-27T14:11:25.4261199Z	DamageApplied	{ cible = Joueur 2, source = Frappe, baseDamage = 1, casterForce = 0, damageTotal = 1, toShield = 0, toPV = 1, pvAvant = 100, pvApres = 99, shieldAvant = 0, shieldApres = 0 }
9	2026-02-27T14:11:25.4271248Z	ShieldApplied	{ cible = Joueur 1, source = Catalyseur arcanique restreint, baseShield = 1, resistance = 0, amount = 1, shieldAvant = 0, shieldApres = 1 }
10	2026-02-27T14:11:25.4281323Z	NoReaction	{ defenseur = Joueur 2, attaquant = Joueur 1, source = Frappe, baseDamage = 1, casterForce = 0, turnNumber = 1 }
11	2026-02-27T14:11:36.5383413Z	EndTurnRequested	{ joueur = Joueur 1, turnNumber = 1 }
12	2026-02-27T14:11:36.5429116Z	ShieldApplied	{ cible = Joueur 1, source = Rune essence arcanique, baseShield = 5, resistance = 0, amount = 5, shieldAvant = 1, shieldApres = 6 }
13	2026-02-27T14:11:36.5590347Z	EndTurn	{ joueur = Joueur 1, manaReserved = 0, pv = 100, shield = 6, handCount = 3, turnNumber = 1 }
14	2026-02-27T14:11:36.5748498Z	StartTurn	{ joueur = Joueur 2, turnNumber = 1, turnCount = 1, discarded = 0, deckKind = Magicien }
15	2026-02-27T14:11:36.6169759Z	Draw	{ joueur = Joueur 2, requested = 3, drawn = 3, deckRemaining = 27, handCount = 3, mana = 1, turnNumber = 1 }
16	2026-02-27T14:11:36.6260874Z	StrikeReactionPhase	{ frappeur = Joueur 2, cible = Joueur 1, baseDamage = 1, casterForce = 0, damageTotal = 1, turnNumber = 1 }
17	2026-02-27T14:11:39.6252181Z	DamageApplied	{ cible = Joueur 1, source = Frappe, baseDamage = 1, casterForce = 0, damageTotal = 1, toShield = 1, toPV = 0, pvAvant = 100, pvApres = 100, shieldAvant = 6, shieldApres = 5 }
18	2026-02-27T14:11:39.6252181Z	ShieldApplied	{ cible = Joueur 2, source = Catalyseur arcanique restreint, baseShield = 1, resistance = 0, amount = 1, shieldAvant = 0, shieldApres = 1 }
19	2026-02-27T14:11:39.6267337Z	NoReaction	{ defenseur = Joueur 1, attaquant = Joueur 2, source = Frappe, baseDamage = 1, casterForce = 0, turnNumber = 1 }
20	2026-02-27T14:11:39.6282574Z	ShieldApplied	{ cible = Joueur 2, source = Défense, baseShield = 4, resistance = 0, amount = 4, shieldAvant = 1, shieldApres = 5 }
21	2026-02-27T14:11:39.6292701Z	PlayCard	{ joueur = Joueur 2, carte = Défense, cardId = Defense, handIndex = 0, manaApres = 0, handCount = 2, cible = Joueur 1, toGraveyard = True, turnNumber = 1 }
22	2026-02-27T14:11:39.9282557Z	EndTurnRequested	{ joueur = Joueur 2, turnNumber = 1 }
23	2026-02-27T14:11:40.2289931Z	ShieldApplied	{ cible = Joueur 2, source = Rune essence arcanique, baseShield = 5, resistance = 0, amount = 5, shieldAvant = 5, shieldApres = 10 }
24	2026-02-27T14:11:40.3328088Z	EndTurn	{ joueur = Joueur 2, manaReserved = 0, pv = 99, shield = 10, handCount = 2, turnNumber = 1 }
25	2026-02-27T14:11:40.4403765Z	StartTurn	{ joueur = Joueur 1, turnNumber = 2, turnCount = 2, discarded = 3, deckKind = Magicien }
26	2026-02-27T14:11:40.6499369Z	Draw	{ joueur = Joueur 1, requested = 4, drawn = 4, deckRemaining = 22, handCount = 4, mana = 2, turnNumber = 2 }
27	2026-02-27T14:12:00.7203204Z	StrikeReactionPhase	{ frappeur = Joueur 1, cible = Joueur 2, baseDamage = 1, casterForce = 0, damageTotal = 1, turnNumber = 2 }
28	2026-02-27T14:12:00.7228647Z	DamageApplied	{ cible = Joueur 2, source = Frappe, baseDamage = 1, casterForce = 0, damageTotal = 1, toShield = 1, toPV = 0, pvAvant = 99, pvApres = 99, shieldAvant = 10, shieldApres = 9 }
29	2026-02-27T14:12:00.7238709Z	ShieldApplied	{ cible = Joueur 1, source = Catalyseur arcanique restreint, baseShield = 1, resistance = 0, amount = 1, shieldAvant = 0, shieldApres = 1 }
30	2026-02-27T14:12:00.7248714Z	NoReaction	{ defenseur = Joueur 2, attaquant = Joueur 1, source = Frappe, baseDamage = 1, casterForce = 0, turnNumber = 2 }
31	2026-02-27T14:12:10.0595631Z	ShieldApplied	{ cible = Joueur 1, source = Défense +, baseShield = 15, resistance = 0, amount = 15, shieldAvant = 1, shieldApres = 16 }
32	2026-02-27T14:12:10.0605701Z	PlayCard	{ joueur = Joueur 1, carte = Défense +, cardId = DefensePlus, handIndex = 3, manaApres = 0, handCount = 3, cible = Joueur 2, toGraveyard = True, turnNumber = 2 }
33	2026-02-27T14:12:12.5499092Z	EndTurnRequested	{ joueur = Joueur 1, turnNumber = 2 }
34	2026-02-27T14:12:12.5509096Z	ShieldApplied	{ cible = Joueur 1, source = Rune essence arcanique, baseShield = 5, resistance = 0, amount = 5, shieldAvant = 16, shieldApres = 21 }
35	2026-02-27T14:12:12.5633948Z	EndTurn	{ joueur = Joueur 1, manaReserved = 0, pv = 100, shield = 21, handCount = 3, turnNumber = 2 }
36	2026-02-27T14:12:12.5730418Z	StartTurn	{ joueur = Joueur 2, turnNumber = 2, turnCount = 3, discarded = 2, deckKind = Magicien }
37	2026-02-27T14:12:12.5903990Z	Draw	{ joueur = Joueur 2, requested = 4, drawn = 4, deckRemaining = 23, handCount = 4, mana = 2, turnNumber = 2 }
38	2026-02-27T14:12:12.6006180Z	Galvanisation	{ joueur = Joueur 2, handCount = 3, forceBonus = 3, forceAvant = 0, forceApres = 3, duree = jusqu'à fin du tour }
39	2026-02-27T14:12:12.6016295Z	PlayCard	{ joueur = Joueur 2, carte = Galvanisation, cardId = Galvanisation, handIndex = 2, manaApres = 1, handCount = 3, cible = Joueur 1, toGraveyard = True, turnNumber = 2 }
40	2026-02-27T14:12:12.9073389Z	ShieldApplied	{ cible = Joueur 2, source = Défense, baseShield = 4, resistance = 0, amount = 4, shieldAvant = 0, shieldApres = 4 }
41	2026-02-27T14:12:12.9078832Z	PlayCard	{ joueur = Joueur 2, carte = Défense, cardId = Defense, handIndex = 1, manaApres = 0, handCount = 2, cible = Joueur 1, toGraveyard = True, turnNumber = 2 }
42	2026-02-27T14:12:13.2071212Z	EndTurnRequested	{ joueur = Joueur 2, turnNumber = 2 }
43	2026-02-27T14:12:13.5131474Z	ShieldApplied	{ cible = Joueur 2, source = Rune essence arcanique, baseShield = 5, resistance = 0, amount = 5, shieldAvant = 4, shieldApres = 9 }
44	2026-02-27T14:12:13.5156764Z	ForceBonusExpired	{ joueur = Joueur 2, forceRetiree = 0, forceApres = 0, turnNumber = 2 }
45	2026-02-27T14:12:13.6157989Z	EndTurn	{ joueur = Joueur 2, manaReserved = 0, pv = 99, shield = 9, handCount = 2, turnNumber = 2 }
46	2026-02-27T14:12:13.7293024Z	StartTurn	{ joueur = Joueur 1, turnNumber = 3, turnCount = 4, discarded = 3, deckKind = Magicien }
47	2026-02-27T14:12:13.9376542Z	Draw	{ joueur = Joueur 1, requested = 5, drawn = 5, deckRemaining = 17, handCount = 5, mana = 3, turnNumber = 3 }
