#META	{"id":"cardgame_20260227_153931","startedAt":"2026-02-27T14:39:31.9379561Z"}
1	2026-02-27T14:39:31.9429736Z	GameStart	{ firstPlayer = Joueur 1, deckJoueur1 = Magicien, deckJoueur2 = Magicien, seed = 456505453, pvInitial = 100 }
2	2026-02-27T14:39:31.9469965Z	StartTurn	{ joueur = Joueur 1, turnNumber = 1, turnCount = 0, discarded = 0, deckKind = Magicien }
3	2026-02-27T14:39:32.0436644Z	Draw	{ joueur = Joueur 1, requested = 3, drawn = 3, deckRemaining = 27, handCount = 3, mana = 1, turnNumber = 1 }
4	2026-02-27T14:39:50.6440209Z	StrikeReactionPhase	{ frappeur = Joueur 1, cible = Joueur 2, baseDamage = 1, casterForce = 0, runeStrikes = 0, damageTotal = 1, turnNumber = 1 }
5	2026-02-27T14:39:50.6490408Z	DamageApplied	{ cible = Joueur 2, source = Frappe, baseDamage = 1, casterForce = 0, damageTotal = 1, toShield = 0, toPV = 1, pvAvant = 100, pvApres = 99, shieldAvant = 0, shieldApres = 0 }
6	2026-02-27T14:39:50.6505468Z	ShieldApplied	{ cible = Joueur 1, source = Catalyseur arcanique restreint, baseShield = 1, resistance = 0, amount = 1, shieldAvant = 0, shieldApres = 1 }
7	2026-02-27T14:39:50.6510667Z	NoReaction	{ defenseur = Joueur 2, attaquant = Joueur 1, source = Frappe, baseDamage = 1, casterForce = 0, turnNumber = 1 }
8	2026-02-27T14:40:02.1768656Z	DamageApplied	{ cible = Joueur 2, source = Explosion de magie éphémère, baseDamage = 0, casterForce = 0, damageTotal = 0, toShield = 0, toPV = 0, pvAvant = 99, pvApres = 99, shieldAvant = 0, shieldApres = 0 }
9	2026-02-27T14:40:02.1773895Z	PlayCard	{ joueur = Joueur 1, carte = Explosion de magie éphémère, cardId = ExplosionMagieEphemere, handIndex = 2, manaApres = 0, handCount = 2, cible = Joueur 2, toGraveyard = True, turnNumber = 1 }
10	2026-02-27T14:40:06.2602087Z	EndTurnRequested	{ joueur = Joueur 1, turnNumber = 1 }
11	2026-02-27T14:40:06.2617139Z	ShieldApplied	{ cible = Joueur 1, source = Rune essence arcanique, baseShield = 5, resistance = 0, amount = 5, shieldAvant = 1, shieldApres = 6 }
12	2026-02-27T14:40:06.2734077Z	EndTurn	{ joueur = Joueur 1, manaReserved = 0, pv = 100, shield = 6, handCount = 2, turnNumber = 1 }
13	2026-02-27T14:40:06.2860966Z	StartTurn	{ joueur = Joueur 2, turnNumber = 1, turnCount = 1, discarded = 0, deckKind = Magicien }
14	2026-02-27T14:40:06.3065768Z	Draw	{ joueur = Joueur 2, requested = 3, drawn = 3, deckRemaining = 27, handCount = 3, mana = 1, turnNumber = 1 }
15	2026-02-27T14:40:06.3181897Z	Draw	{ joueur = Joueur 2, requested = 2, drawn = 2, deckRemaining = 25, handCount = 4 }
16	2026-02-27T14:40:06.3181897Z	PlayCard	{ joueur = Joueur 2, carte = Divination, cardId = Divination, handIndex = 2, manaApres = 0, handCount = 3, cible = Joueur 1, toGraveyard = True, turnNumber = 1 }
17	2026-02-27T14:40:06.6209883Z	StrikeReactionPhase	{ frappeur = Joueur 2, cible = Joueur 1, baseDamage = 1, casterForce = 0, runeStrikes = 0, damageTotal = 1, turnNumber = 1 }
18	2026-02-27T14:40:09.6229544Z	DamageApplied	{ cible = Joueur 1, source = Frappe, baseDamage = 1, casterForce = 0, damageTotal = 1, toShield = 1, toPV = 0, pvAvant = 100, pvApres = 100, shieldAvant = 6, shieldApres = 5 }
19	2026-02-27T14:40:09.6229544Z	ShieldApplied	{ cible = Joueur 2, source = Catalyseur arcanique restreint, baseShield = 1, resistance = 0, amount = 1, shieldAvant = 0, shieldApres = 1 }
20	2026-02-27T14:40:09.6244702Z	NoReaction	{ defenseur = Joueur 1, attaquant = Joueur 2, source = Frappe, baseDamage = 1, casterForce = 0, turnNumber = 1 }
21	2026-02-27T14:40:09.6254779Z	EndTurnRequested	{ joueur = Joueur 2, turnNumber = 1 }
22	2026-02-27T14:40:09.9257018Z	ShieldApplied	{ cible = Joueur 2, source = Rune essence arcanique, baseShield = 5, resistance = 0, amount = 5, shieldAvant = 1, shieldApres = 6 }
23	2026-02-27T14:40:10.0298783Z	EndTurn	{ joueur = Joueur 2, manaReserved = 0, pv = 99, shield = 6, handCount = 3, turnNumber = 1 }
24	2026-02-27T14:40:10.1314179Z	StartTurn	{ joueur = Joueur 1, turnNumber = 2, turnCount = 2, discarded = 2, deckKind = Magicien }
25	2026-02-27T14:40:10.3358914Z	Draw	{ joueur = Joueur 1, requested = 4, drawn = 4, deckRemaining = 23, handCount = 4, mana = 2, turnNumber = 2 }
26	2026-02-27T14:40:23.6121057Z	LienKarmique	{ joueur = Joueur 1, resistanceBonus = 3, dureeTours = 3 }
27	2026-02-27T14:40:23.6131052Z	PlayCard	{ joueur = Joueur 1, carte = Lien karmique, cardId = LienKarmique, handIndex = 2, manaApres = 0, handCount = 3, cible = Joueur 2, toGraveyard = True, turnNumber = 2 }
28	2026-02-27T14:40:25.3957455Z	StrikeReactionPhase	{ frappeur = Joueur 1, cible = Joueur 2, baseDamage = 1, casterForce = 0, runeStrikes = 0, damageTotal = 1, turnNumber = 2 }
29	2026-02-27T14:40:25.3977602Z	DamageApplied	{ cible = Joueur 2, source = Frappe, baseDamage = 1, casterForce = 0, damageTotal = 1, toShield = 1, toPV = 0, pvAvant = 99, pvApres = 99, shieldAvant = 6, shieldApres = 5 }
30	2026-02-27T14:40:25.3987589Z	ShieldApplied	{ cible = Joueur 1, source = Catalyseur arcanique restreint, baseShield = 1, resistance = 3, amount = 4, shieldAvant = 0, shieldApres = 4 }
31	2026-02-27T14:40:25.3987589Z	NoReaction	{ defenseur = Joueur 2, attaquant = Joueur 1, source = Frappe, baseDamage = 1, casterForce = 0, turnNumber = 2 }
32	2026-02-27T14:40:31.1852797Z	EndTurnRequested	{ joueur = Joueur 1, turnNumber = 2 }
33	2026-02-27T14:40:31.1979269Z	EndTurn	{ joueur = Joueur 1, manaReserved = 0, pv = 100, shield = 4, handCount = 3, turnNumber = 2 }
34	2026-02-27T14:40:31.2090820Z	StartTurn	{ joueur = Joueur 2, turnNumber = 2, turnCount = 3, discarded = 3, deckKind = Magicien }
35	2026-02-27T14:40:31.2347354Z	Draw	{ joueur = Joueur 2, requested = 4, drawn = 4, deckRemaining = 22, handCount = 4, mana = 2, turnNumber = 2 }
36	2026-02-27T14:40:31.2455108Z	LienKarmique	{ joueur = Joueur 2, resistanceBonus = 3, dureeTours = 3 }
37	2026-02-27T14:40:31.2455108Z	PlayCard	{ joueur = Joueur 2, carte = Lien karmique, cardId = LienKarmique, handIndex = 2, manaApres = 0, handCount = 3, cible = Joueur 1, toGraveyard = True, turnNumber = 2 }
38	2026-02-27T14:40:31.5541830Z	StrikeReactionPhase	{ frappeur = Joueur 2, cible = Joueur 1, baseDamage = 1, casterForce = 0, runeStrikes = 0, damageTotal = 1, turnNumber = 2 }
39	2026-02-27T14:40:34.5593548Z	DamageApplied	{ cible = Joueur 1, source = Frappe, baseDamage = 1, casterForce = 0, damageTotal = 1, toShield = 1, toPV = 0, pvAvant = 100, pvApres = 100, shieldAvant = 4, shieldApres = 3 }
40	2026-02-27T14:40:34.5593548Z	ShieldApplied	{ cible = Joueur 2, source = Catalyseur arcanique restreint, baseShield = 1, resistance = 3, amount = 4, shieldAvant = 0, shieldApres = 4 }
41	2026-02-27T14:40:34.5610662Z	NoReaction	{ defenseur = Joueur 1, attaquant = Joueur 2, source = Frappe, baseDamage = 1, casterForce = 0, turnNumber = 2 }
42	2026-02-27T14:40:34.5621037Z	EndTurnRequested	{ joueur = Joueur 2, turnNumber = 2 }
43	2026-02-27T14:40:34.9746060Z	EndTurn	{ joueur = Joueur 2, manaReserved = 0, pv = 99, shield = 4, handCount = 3, turnNumber = 2 }
44	2026-02-27T14:40:35.0765646Z	StartTurn	{ joueur = Joueur 1, turnNumber = 3, turnCount = 4, discarded = 3, deckKind = Magicien }
45	2026-02-27T14:40:35.2836331Z	Draw	{ joueur = Joueur 1, requested = 5, drawn = 5, deckRemaining = 18, handCount = 5, mana = 3, turnNumber = 3 }
46	2026-02-27T14:40:41.2236451Z	StrikeReactionPhase	{ frappeur = Joueur 1, cible = Joueur 2, baseDamage = 1, casterForce = 0, runeStrikes = 0, damageTotal = 1, turnNumber = 3 }
47	2026-02-27T14:40:41.2256744Z	DamageApplied	{ cible = Joueur 2, source = Frappe, baseDamage = 1, casterForce = 0, damageTotal = 1, toShield = 1, toPV = 0, pvAvant = 99, pvApres = 99, shieldAvant = 4, shieldApres = 3 }
48	2026-02-27T14:40:41.2266810Z	ShieldApplied	{ cible = Joueur 1, source = Catalyseur arcanique restreint, baseShield = 1, resistance = 3, amount = 4, shieldAvant = 0, shieldApres = 4 }
49	2026-02-27T14:40:41.2271890Z	NoReaction	{ defenseur = Joueur 2, attaquant = Joueur 1, source = Frappe, baseDamage = 1, casterForce = 0, turnNumber = 3 }
50	2026-02-27T14:40:51.9678238Z	OrageDePoche	{ lanceur = Joueur 1, cible = Joueur 2, degatsParTour = 1, dureeTours = 3 }
51	2026-02-27T14:40:51.9688311Z	PassifMagicien	{ joueur = Joueur 1, ephemeralConsumedThisRound = 1, manaRecovered = 1, manaAvant = 0, manaApres = 1, turnNumber = 3 }
52	2026-02-27T14:40:51.9694433Z	PlayCard	{ joueur = Joueur 1, carte = Orage de poche, cardId = OrageDePoche, handIndex = 1, manaApres = 1, handCount = 4, cible = Joueur 2, toGraveyard = False, turnNumber = 3 }
53	2026-02-27T14:40:57.1636973Z	ShieldApplied	{ cible = Joueur 1, source = Défense, baseShield = 4, resistance = 3, amount = 16, shieldAvant = 4, shieldApres = 20 }
54	2026-02-27T14:40:57.1652042Z	PlayCard	{ joueur = Joueur 1, carte = Défense, cardId = Defense, handIndex = 3, manaApres = 0, handCount = 3, cible = Joueur 2, toGraveyard = True, turnNumber = 3 }
55	2026-02-27T14:40:59.4182116Z	EndTurnRequested	{ joueur = Joueur 1, turnNumber = 3 }
56	2026-02-27T14:40:59.4312032Z	EndTurn	{ joueur = Joueur 1, manaReserved = 0, pv = 100, shield = 20, handCount = 3, turnNumber = 3 }
57	2026-02-27T14:40:59.4418081Z	StartTurn	{ joueur = Joueur 2, turnNumber = 3, turnCount = 5, discarded = 3, deckKind = Magicien }
58	2026-02-27T14:40:59.4644159Z	Draw	{ joueur = Joueur 2, requested = 5, drawn = 5, deckRemaining = 17, handCount = 5, mana = 3, turnNumber = 3 }
59	2026-02-27T14:40:59.4755741Z	ReactionPhase	{ attaquant = Joueur 2, defenseur = Joueur 1, source = Attaque +, cardId = AttaquePlus, turnNumber = 3 }
60	2026-02-27T14:40:59.4770958Z	PlayCard	{ joueur = Joueur 2, carte = Attaque +, cardId = AttaquePlus, handIndex = 2, manaApres = 1, handCount = 4, cible = Joueur 1, toGraveyard = True, turnNumber = 3 }
61	2026-02-27T14:41:02.4790976Z	DamageApplied	{ cible = Joueur 1, source = Attaque +, baseDamage = 9, casterForce = 0, damageTotal = 9, toShield = 9, toPV = 0, pvAvant = 100, pvApres = 100, shieldAvant = 20, shieldApres = 11 }
62	2026-02-27T14:41:02.4806111Z	NoReaction	{ defenseur = Joueur 1, attaquant = Joueur 2, source = Attaque +, baseDamage = 9, casterForce = 0, turnNumber = 3 }
63	2026-02-27T14:41:02.4821401Z	Draw	{ joueur = Joueur 2, requested = 3, drawn = 3, deckRemaining = 14, handCount = 6 }
64	2026-02-27T14:41:02.4831732Z	PassifMagicien	{ joueur = Joueur 2, ephemeralConsumedThisRound = 1, manaRecovered = 1, manaAvant = 0, manaApres = 1, turnNumber = 3 }
65	2026-02-27T14:41:02.4831732Z	PlayCard	{ joueur = Joueur 2, carte = Evaluation, cardId = Evaluation, handIndex = 0, manaApres = 1, handCount = 6, cible = Joueur 1, toGraveyard = False, turnNumber = 3 }
66	2026-02-27T14:41:02.7966819Z	ReactionPhase	{ attaquant = Joueur 2, defenseur = Joueur 1, source = Attaque, cardId = Attaque, turnNumber = 3 }
67	2026-02-27T14:41:02.7976807Z	PlayCard	{ joueur = Joueur 2, carte = Attaque, cardId = Attaque, handIndex = 3, manaApres = 0, handCount = 5, cible = Joueur 1, toGraveyard = True, turnNumber = 3 }
68	2026-02-27T14:41:05.8030919Z	DamageApplied	{ cible = Joueur 1, source = Attaque, baseDamage = 5, casterForce = 0, damageTotal = 5, toShield = 5, toPV = 0, pvAvant = 100, pvApres = 100, shieldAvant = 11, shieldApres = 6 }
69	2026-02-27T14:41:05.8035989Z	NoReaction	{ defenseur = Joueur 1, attaquant = Joueur 2, source = Attaque, baseDamage = 5, casterForce = 0, turnNumber = 3 }
70	2026-02-27T14:41:05.8056334Z	EndTurnRequested	{ joueur = Joueur 2, turnNumber = 3 }
71	2026-02-27T14:41:06.1127243Z	DamageApplied	{ cible = Joueur 2, source = Orage de poche, baseDamage = 1, casterForce = 0, damageTotal = 1, toShield = 0, toPV = 1, pvAvant = 99, pvApres = 98, shieldAvant = 0, shieldApres = 0 }
72	2026-02-27T14:41:06.2135162Z	EndTurn	{ joueur = Joueur 2, manaReserved = 0, pv = 98, shield = 0, handCount = 5, turnNumber = 3 }
73	2026-02-27T14:41:06.3224480Z	StartTurn	{ joueur = Joueur 1, turnNumber = 4, turnCount = 6, discarded = 3, deckKind = Magicien }
74	2026-02-27T14:41:06.5257569Z	Draw	{ joueur = Joueur 1, requested = 5, drawn = 5, deckRemaining = 13, handCount = 5, mana = 3, turnNumber = 4 }
75	2026-02-27T14:41:31.2139568Z	PassifMagicien	{ joueur = Joueur 1, ephemeralConsumedThisRound = 1, manaRecovered = 1, manaAvant = 0, manaApres = 1, turnNumber = 4 }
76	2026-02-27T14:41:31.2144743Z	ReactionPhase	{ attaquant = Joueur 1, defenseur = Joueur 2, source = Boule de feu, cardId = BouleDeFeu, turnNumber = 4 }
77	2026-02-27T14:41:31.2149824Z	PlayCard	{ joueur = Joueur 1, carte = Boule de feu, cardId = BouleDeFeu, handIndex = 4, manaApres = 1, handCount = 4, cible = Joueur 2, toGraveyard = False, turnNumber = 4 }
78	2026-02-27T14:41:31.2195186Z	DamageApplied	{ cible = Joueur 2, source = Boule de feu, baseDamage = 15, casterForce = 0, damageTotal = 15, toShield = 0, toPV = 15, pvAvant = 98, pvApres = 83, shieldAvant = 0, shieldApres = 0 }
79	2026-02-27T14:41:31.2195186Z	DamageApplied	{ cible = Joueur 2, source = Rune de force arcanique, baseDamage = 1, casterForce = 0, damageTotal = 1, toShield = 0, toPV = 1, pvAvant = 83, pvApres = 82, shieldAvant = 0, shieldApres = 0 }
80	2026-02-27T14:41:31.2206760Z	DamageApplied	{ cible = Joueur 2, source = Rune de force arcanique, baseDamage = 1, casterForce = 0, damageTotal = 1, toShield = 0, toPV = 1, pvAvant = 82, pvApres = 81, shieldAvant = 0, shieldApres = 0 }
81	2026-02-27T14:41:31.2206760Z	NoReaction	{ defenseur = Joueur 2, attaquant = Joueur 1, source = Boule de feu, baseDamage = 15, casterForce = 0, turnNumber = 4 }
82	2026-02-27T14:41:33.3229426Z	ReactionPhase	{ attaquant = Joueur 1, defenseur = Joueur 2, source = Attaque, cardId = Attaque, turnNumber = 4 }
83	2026-02-27T14:41:33.3234626Z	PlayCard	{ joueur = Joueur 1, carte = Attaque, cardId = Attaque, handIndex = 1, manaApres = 0, handCount = 3, cible = Joueur 2, toGraveyard = True, turnNumber = 4 }
84	2026-02-27T14:41:33.3267343Z	DamageApplied	{ cible = Joueur 2, source = Attaque, baseDamage = 5, casterForce = 0, damageTotal = 5, toShield = 0, toPV = 5, pvAvant = 81, pvApres = 76, shieldAvant = 0, shieldApres = 0 }
85	2026-02-27T14:41:33.3267343Z	DamageApplied	{ cible = Joueur 2, source = Rune de force arcanique, baseDamage = 1, casterForce = 0, damageTotal = 1, toShield = 0, toPV = 1, pvAvant = 76, pvApres = 75, shieldAvant = 0, shieldApres = 0 }
86	2026-02-27T14:41:33.3282375Z	DamageApplied	{ cible = Joueur 2, source = Rune de force arcanique, baseDamage = 1, casterForce = 0, damageTotal = 1, toShield = 0, toPV = 1, pvAvant = 75, pvApres = 74, shieldAvant = 0, shieldApres = 0 }
87	2026-02-27T14:41:33.3282375Z	NoReaction	{ defenseur = Joueur 2, attaquant = Joueur 1, source = Attaque, baseDamage = 5, casterForce = 0, turnNumber = 4 }
88	2026-02-27T14:41:34.5269747Z	StrikeReactionPhase	{ frappeur = Joueur 1, cible = Joueur 2, baseDamage = 1, casterForce = 0, runeStrikes = 2, damageTotal = 3, turnNumber = 4 }
89	2026-02-27T14:41:34.5290539Z	DamageApplied	{ cible = Joueur 2, source = Frappe, baseDamage = 1, casterForce = 0, damageTotal = 1, toShield = 0, toPV = 1, pvAvant = 74, pvApres = 73, shieldAvant = 0, shieldApres = 0 }
90	2026-02-27T14:41:34.5300594Z	DamageApplied	{ cible = Joueur 2, source = Rune de force arcanique, baseDamage = 1, casterForce = 0, damageTotal = 1, toShield = 0, toPV = 1, pvAvant = 73, pvApres = 72, shieldAvant = 0, shieldApres = 0 }
91	2026-02-27T14:41:34.5300594Z	DamageApplied	{ cible = Joueur 2, source = Rune de force arcanique, baseDamage = 1, casterForce = 0, damageTotal = 1, toShield = 0, toPV = 1, pvAvant = 72, pvApres = 71, shieldAvant = 0, shieldApres = 0 }
92	2026-02-27T14:41:34.5312194Z	ShieldApplied	{ cible = Joueur 1, source = Catalyseur arcanique restreint, baseShield = 1, resistance = 3, amount = 4, shieldAvant = 0, shieldApres = 4 }
93	2026-02-27T14:41:34.5312194Z	NoReaction	{ defenseur = Joueur 2, attaquant = Joueur 1, source = Frappe, baseDamage = 1, casterForce = 0, turnNumber = 4 }
94	2026-02-27T14:41:35.9274281Z	EndTurnRequested	{ joueur = Joueur 1, turnNumber = 4 }
95	2026-02-27T14:41:35.9304659Z	ResistanceBuffExpired	{ carte = Lien karmique, cardId = LienKarmique, joueur = Joueur 1, resistanceRetiree = 3 }
96	2026-02-27T14:41:35.9425845Z	EndTurn	{ joueur = Joueur 1, manaReserved = 0, pv = 100, shield = 4, handCount = 3, turnNumber = 4 }
97	2026-02-27T14:41:35.9552513Z	StartTurn	{ joueur = Joueur 2, turnNumber = 4, turnCount = 7, discarded = 5, deckKind = Magicien }
98	2026-02-27T14:41:35.9774350Z	Draw	{ joueur = Joueur 2, requested = 5, drawn = 5, deckRemaining = 9, handCount = 5, mana = 3, turnNumber = 4 }
99	2026-02-27T14:41:35.9871305Z	StrikeReactionPhase	{ frappeur = Joueur 2, cible = Joueur 1, baseDamage = 1, casterForce = 0, runeStrikes = 2, damageTotal = 3, turnNumber = 4 }
100	2026-02-27T14:41:38.9910124Z	DamageApplied	{ cible = Joueur 1, source = Frappe, baseDamage = 1, casterForce = 0, damageTotal = 1, toShield = 1, toPV = 0, pvAvant = 100, pvApres = 100, shieldAvant = 4, shieldApres = 3 }
101	2026-02-27T14:41:38.9915641Z	DamageApplied	{ cible = Joueur 1, source = Rune de force arcanique, baseDamage = 1, casterForce = 0, damageTotal = 1, toShield = 1, toPV = 0, pvAvant = 100, pvApres = 100, shieldAvant = 3, shieldApres = 2 }
102	2026-02-27T14:41:38.9921150Z	DamageApplied	{ cible = Joueur 1, source = Rune de force arcanique, baseDamage = 1, casterForce = 0, damageTotal = 1, toShield = 1, toPV = 0, pvAvant = 100, pvApres = 100, shieldAvant = 2, shieldApres = 1 }
103	2026-02-27T14:41:38.9926759Z	ShieldApplied	{ cible = Joueur 2, source = Catalyseur arcanique restreint, baseShield = 1, resistance = 3, amount = 4, shieldAvant = 0, shieldApres = 4 }
104	2026-02-27T14:41:38.9926759Z	NoReaction	{ defenseur = Joueur 1, attaquant = Joueur 2, source = Frappe, baseDamage = 1, casterForce = 0, turnNumber = 4 }
105	2026-02-27T14:41:38.9947484Z	Draw	{ joueur = Joueur 2, requested = 2, drawn = 2, deckRemaining = 7, handCount = 6 }
106	2026-02-27T14:41:38.9947484Z	PlayCard	{ joueur = Joueur 2, carte = Divination, cardId = Divination, handIndex = 3, manaApres = 2, handCount = 5, cible = Joueur 1, toGraveyard = True, turnNumber = 4 }
107	2026-02-27T14:41:39.2935385Z	Concentration	{ joueur = Joueur 2, forceBonus = 3, resistanceBonus = 3, duree = prochain tour }
108	2026-02-27T14:41:39.2945698Z	PassifMagicien	{ joueur = Joueur 2, ephemeralConsumedThisRound = 1, manaRecovered = 1, manaAvant = 0, manaApres = 1, turnNumber = 4 }
109	2026-02-27T14:41:39.2945698Z	PlayCard	{ joueur = Joueur 2, carte = Concentration, cardId = Concentration, handIndex = 2, manaApres = 1, handCount = 4, cible = Joueur 1, toGraveyard = False, turnNumber = 4 }
110	2026-02-27T14:41:39.6017206Z	GlaceLocalisee	{ lanceur = Joueur 2, cible = Joueur 1, equipementGele = Catalyseur arcanique restreint, cardId = CatalyseurArcanaiqueRestraint, duree = 2 tours du joueur propriétaire }
111	2026-02-27T14:41:39.6027329Z	PassifMagicien	{ joueur = Joueur 2, ephemeralConsumedThisRound = 2, manaRecovered = 1, manaAvant = 0, manaApres = 1, turnNumber = 4 }
112	2026-02-27T14:41:39.6032423Z	PlayCard	{ joueur = Joueur 2, carte = Glace localisée, cardId = GlaceLocalisee, handIndex = 2, manaApres = 1, handCount = 3, cible = Joueur 1, toGraveyard = False, turnNumber = 4 }
113	2026-02-27T14:41:39.9046561Z	ShieldApplied	{ cible = Joueur 2, source = Défense, baseShield = 4, resistance = 3, amount = 16, shieldAvant = 4, shieldApres = 20 }
114	2026-02-27T14:41:39.9056519Z	PlayCard	{ joueur = Joueur 2, carte = Défense, cardId = Defense, handIndex = 1, manaApres = 0, handCount = 2, cible = Joueur 1, toGraveyard = True, turnNumber = 4 }
115	2026-02-27T14:41:40.2202538Z	EndTurnRequested	{ joueur = Joueur 2, turnNumber = 4 }
116	2026-02-27T14:41:40.5256631Z	ForceBonusExpired	{ joueur = Joueur 2, forceRetiree = 0, forceApres = 0, turnNumber = 4 }
117	2026-02-27T14:41:40.5256631Z	DamageApplied	{ cible = Joueur 2, source = Orage de poche, baseDamage = 1, casterForce = 0, damageTotal = 1, toShield = 1, toPV = 0, pvAvant = 71, pvApres = 71, shieldAvant = 20, shieldApres = 19 }
118	2026-02-27T14:41:40.5266742Z	ResistanceBuffExpired	{ carte = Lien karmique, cardId = LienKarmique, joueur = Joueur 2, resistanceRetiree = 3 }
119	2026-02-27T14:41:40.6317504Z	EndTurn	{ joueur = Joueur 2, manaReserved = 0, pv = 71, shield = 19, handCount = 2, turnNumber = 4 }
120	2026-02-27T14:41:40.7415678Z	StartTurn	{ joueur = Joueur 1, turnNumber = 5, turnCount = 8, discarded = 3, deckKind = Magicien }
121	2026-02-27T14:41:40.9501889Z	Draw	{ joueur = Joueur 1, requested = 5, drawn = 5, deckRemaining = 8, handCount = 5, mana = 3, turnNumber = 5 }
122	2026-02-27T14:41:51.7826079Z	ShieldApplied	{ cible = Joueur 1, source = Armure psychique, baseShield = 23, resistance = 0, amount = 23, shieldAvant = 0, shieldApres = 23 }
123	2026-02-27T14:41:51.7851384Z	ArmurePsychique	{ joueur = Joueur 1, shieldAvant = 0, shieldApres = 23, amount = 23, dureeTours = 2 }
124	2026-02-27T14:41:51.7856412Z	PassifMagicien	{ joueur = Joueur 1, ephemeralConsumedThisRound = 1, manaRecovered = 1, manaAvant = 0, manaApres = 1, turnNumber = 5 }
125	2026-02-27T14:41:51.7861845Z	PlayCard	{ joueur = Joueur 1, carte = Armure psychique, cardId = ArmurePsychique, handIndex = 2, manaApres = 1, handCount = 4, cible = Joueur 2, toGraveyard = False, turnNumber = 5 }
126	2026-02-27T14:41:53.3576530Z	ShieldApplied	{ cible = Joueur 1, source = Défense, baseShield = 4, resistance = 0, amount = 4, shieldAvant = 23, shieldApres = 27 }
127	2026-02-27T14:41:53.3576530Z	PlayCard	{ joueur = Joueur 1, carte = Défense, cardId = Defense, handIndex = 0, manaApres = 0, handCount = 3, cible = Joueur 2, toGraveyard = True, turnNumber = 5 }
128	2026-02-27T14:41:55.9150583Z	StrikeReactionPhase	{ frappeur = Joueur 1, cible = Joueur 2, baseDamage = 1, casterForce = 0, runeStrikes = 2, damageTotal = 2, turnNumber = 5 }
129	2026-02-27T14:41:55.9171184Z	DamageApplied	{ cible = Joueur 2, source = Rune de force arcanique, baseDamage = 1, casterForce = 0, damageTotal = 1, toShield = 1, toPV = 0, pvAvant = 71, pvApres = 71, shieldAvant = 19, shieldApres = 18 }
130	2026-02-27T14:41:55.9181309Z	DamageApplied	{ cible = Joueur 2, source = Rune de force arcanique, baseDamage = 1, casterForce = 0, damageTotal = 1, toShield = 1, toPV = 0, pvAvant = 71, pvApres = 71, shieldAvant = 18, shieldApres = 17 }
131	2026-02-27T14:41:55.9181309Z	NoReaction	{ defenseur = Joueur 2, attaquant = Joueur 1, source = Frappe, baseDamage = 1, casterForce = 0, turnNumber = 5 }
132	2026-02-27T14:42:26.7806615Z	EndTurnRequested	{ joueur = Joueur 1, turnNumber = 5 }
133	2026-02-27T14:42:26.7827049Z	ShieldApplied	{ cible = Joueur 1, source = Rune essence arcanique, baseShield = 5, resistance = 0, amount = 5, shieldAvant = 27, shieldApres = 32 }
134	2026-02-27T14:42:26.7932565Z	EndTurn	{ joueur = Joueur 1, manaReserved = 0, pv = 100, shield = 32, handCount = 3, turnNumber = 5 }
135	2026-02-27T14:42:26.8059356Z	StartTurn	{ joueur = Joueur 2, turnNumber = 5, turnCount = 9, discarded = 2, deckKind = Magicien }
136	2026-02-27T14:42:26.8279010Z	Draw	{ joueur = Joueur 2, requested = 5, drawn = 5, deckRemaining = 3, handCount = 5, mana = 3, turnNumber = 5 }
137	2026-02-27T14:42:26.8397085Z	ShieldApplied	{ cible = Joueur 2, source = Défense +, baseShield = 15, resistance = 0, amount = 15, shieldAvant = 0, shieldApres = 15 }
138	2026-02-27T14:42:26.8397085Z	PlayCard	{ joueur = Joueur 2, carte = Défense +, cardId = DefensePlus, handIndex = 3, manaApres = 1, handCount = 4, cible = Joueur 1, toGraveyard = True, turnNumber = 5 }
139	2026-02-27T14:42:27.1435351Z	StrikeReactionPhase	{ frappeur = Joueur 2, cible = Joueur 1, baseDamage = 1, casterForce = 0, runeStrikes = 2, damageTotal = 3, turnNumber = 5 }
140	2026-02-27T14:42:30.1489841Z	DamageApplied	{ cible = Joueur 1, source = Frappe, baseDamage = 1, casterForce = 0, damageTotal = 1, toShield = 1, toPV = 0, pvAvant = 100, pvApres = 100, shieldAvant = 32, shieldApres = 31 }
141	2026-02-27T14:42:30.1499901Z	DamageApplied	{ cible = Joueur 1, source = Rune de force arcanique, baseDamage = 1, casterForce = 0, damageTotal = 1, toShield = 1, toPV = 0, pvAvant = 100, pvApres = 100, shieldAvant = 31, shieldApres = 30 }
142	2026-02-27T14:42:30.1499901Z	DamageApplied	{ cible = Joueur 1, source = Rune de force arcanique, baseDamage = 1, casterForce = 0, damageTotal = 1, toShield = 1, toPV = 0, pvAvant = 100, pvApres = 100, shieldAvant = 30, shieldApres = 29 }
143	2026-02-27T14:42:30.1499901Z	ShieldApplied	{ cible = Joueur 2, source = Catalyseur arcanique restreint, baseShield = 1, resistance = 0, amount = 1, shieldAvant = 15, shieldApres = 16 }
144	2026-02-27T14:42:30.1511247Z	NoReaction	{ defenseur = Joueur 1, attaquant = Joueur 2, source = Frappe, baseDamage = 1, casterForce = 0, turnNumber = 5 }
145	2026-02-27T14:42:30.1521664Z	Draw	{ joueur = Joueur 2, requested = 2, drawn = 2, deckRemaining = 1, handCount = 5 }
146	2026-02-27T14:42:30.1532003Z	PlayCard	{ joueur = Joueur 2, carte = Divination, cardId = Divination, handIndex = 1, manaApres = 0, handCount = 4, cible = Joueur 1, toGraveyard = True, turnNumber = 5 }
147	2026-02-27T14:42:30.4573178Z	EndTurnRequested	{ joueur = Joueur 2, turnNumber = 5 }
148	2026-02-27T14:42:30.7687554Z	ShieldApplied	{ cible = Joueur 2, source = Rune essence arcanique, baseShield = 5, resistance = 0, amount = 5, shieldAvant = 16, shieldApres = 21 }
149	2026-02-27T14:42:30.7687554Z	DamageApplied	{ cible = Joueur 2, source = Orage de poche, baseDamage = 1, casterForce = 0, damageTotal = 1, toShield = 1, toPV = 0, pvAvant = 71, pvApres = 71, shieldAvant = 21, shieldApres = 20 }
150	2026-02-27T14:42:30.8740782Z	EndTurn	{ joueur = Joueur 2, manaReserved = 0, pv = 71, shield = 20, handCount = 4, turnNumber = 5 }
151	2026-02-27T14:42:30.9802595Z	EquipmentUnfrozen	{ joueur = Joueur 1, equipement = Catalyseur arcanique restreint, cardId = CatalyseurArcanaiqueRestraint, reason = 2 tours du joueur écoulés, turnNumber = 6 }
152	2026-02-27T14:42:30.9802595Z	StartTurn	{ joueur = Joueur 1, turnNumber = 6, turnCount = 10, discarded = 3, deckKind = Magicien }
153	2026-02-27T14:42:31.0862717Z	Draw	{ joueur = Joueur 1, requested = 2, drawn = 2, deckRemaining = 6, handCount = 2 }
154	2026-02-27T14:42:31.1928088Z	Draw	{ joueur = Joueur 1, requested = 5, drawn = 5, deckRemaining = 1, handCount = 7, mana = 3, turnNumber = 6 }
155	2026-02-27T14:44:22.4739100Z	Galvanisation	{ joueur = Joueur 1, handCount = 6, forceBonus = 6, forceAvant = 0, forceApres = 6, duree = jusqu'à fin du tour }
156	2026-02-27T14:44:22.4739100Z	PlayCard	{ joueur = Joueur 1, carte = Galvanisation, cardId = Galvanisation, handIndex = 5, manaApres = 2, handCount = 6, cible = Joueur 2, toGraveyard = True, turnNumber = 6 }
157	2026-02-27T14:44:29.1603112Z	ReactionPhase	{ attaquant = Joueur 1, defenseur = Joueur 2, source = Attaque +, cardId = AttaquePlus, turnNumber = 6 }
158	2026-02-27T14:44:29.1608714Z	PlayCard	{ joueur = Joueur 1, carte = Attaque +, cardId = AttaquePlus, handIndex = 1, manaApres = 0, handCount = 5, cible = Joueur 2, toGraveyard = True, turnNumber = 6 }
159	2026-02-27T14:44:29.1654227Z	DamageApplied	{ cible = Joueur 2, source = Attaque +, baseDamage = 9, casterForce = 6, damageTotal = 15, toShield = 15, toPV = 0, pvAvant = 71, pvApres = 71, shieldAvant = 20, shieldApres = 5 }
160	2026-02-27T14:44:29.1665218Z	DamageApplied	{ cible = Joueur 2, source = Rune de force arcanique, baseDamage = 1, casterForce = 6, damageTotal = 7, toShield = 5, toPV = 2, pvAvant = 71, pvApres = 69, shieldAvant = 5, shieldApres = 0 }
161	2026-02-27T14:44:29.1674660Z	DamageApplied	{ cible = Joueur 2, source = Rune de force arcanique, baseDamage = 1, casterForce = 6, damageTotal = 7, toShield = 0, toPV = 7, pvAvant = 69, pvApres = 62, shieldAvant = 0, shieldApres = 0 }
162	2026-02-27T14:44:29.1674660Z	NoReaction	{ defenseur = Joueur 2, attaquant = Joueur 1, source = Attaque +, baseDamage = 9, casterForce = 6, turnNumber = 6 }
163	2026-02-27T14:45:01.4971012Z	StrikeReactionPhase	{ frappeur = Joueur 1, cible = Joueur 2, baseDamage = 1, casterForce = 6, runeStrikes = 2, damageTotal = 21, turnNumber = 6 }
164	2026-02-27T14:45:01.4997006Z	DamageApplied	{ cible = Joueur 2, source = Frappe, baseDamage = 1, casterForce = 6, damageTotal = 7, toShield = 0, toPV = 7, pvAvant = 62, pvApres = 55, shieldAvant = 0, shieldApres = 0 }
165	2026-02-27T14:45:01.5006992Z	DamageApplied	{ cible = Joueur 2, source = Rune de force arcanique, baseDamage = 1, casterForce = 6, damageTotal = 7, toShield = 0, toPV = 7, pvAvant = 55, pvApres = 48, shieldAvant = 0, shieldApres = 0 }
166	2026-02-27T14:45:01.5006992Z	DamageApplied	{ cible = Joueur 2, source = Rune de force arcanique, baseDamage = 1, casterForce = 6, damageTotal = 7, toShield = 0, toPV = 7, pvAvant = 48, pvApres = 41, shieldAvant = 0, shieldApres = 0 }
167	2026-02-27T14:45:01.5017047Z	ShieldApplied	{ cible = Joueur 1, source = Catalyseur arcanique restreint, baseShield = 1, resistance = 0, amount = 1, shieldAvant = 0, shieldApres = 1 }
168	2026-02-27T14:45:01.5017047Z	NoReaction	{ defenseur = Joueur 2, attaquant = Joueur 1, source = Frappe, baseDamage = 1, casterForce = 6, turnNumber = 6 }
169	2026-02-27T14:45:12.0872571Z	EndTurnRequested	{ joueur = Joueur 1, turnNumber = 6 }
170	2026-02-27T14:45:12.0887810Z	ShieldApplied	{ cible = Joueur 1, source = Rune essence arcanique, baseShield = 5, resistance = 0, amount = 5, shieldAvant = 1, shieldApres = 6 }
171	2026-02-27T14:45:12.0887810Z	ForceBonusExpired	{ joueur = Joueur 1, forceRetiree = 0, forceApres = 0, turnNumber = 6 }
172	2026-02-27T14:45:12.0907795Z	ShieldBuffExpired	{ carte = Armure psychique, cardId = ArmurePsychique, joueur = Joueur 1, bouclierRetire = 23 }
173	2026-02-27T14:45:12.1018145Z	EndTurn	{ joueur = Joueur 1, manaReserved = 0, pv = 100, shield = 0, handCount = 5, turnNumber = 6 }
174	2026-02-27T14:45:12.1131760Z	StartTurn	{ joueur = Joueur 2, turnNumber = 6, turnCount = 11, discarded = 4, deckKind = Magicien }
175	2026-02-27T14:45:12.1273377Z	Draw	{ joueur = Joueur 2, requested = 2, drawn = 2, deckRemaining = 0, handCount = 2 }
176	2026-02-27T14:45:12.1387529Z	DeckReshuffled	{ joueur = Joueur 2, cardsFromGraveyard = 25, deckSize = 25, turnNumber = 6 }
177	2026-02-27T14:45:12.1387529Z	Draw	{ joueur = Joueur 2, requested = 5, drawn = 5, deckRemaining = 20, handCount = 7, mana = 3, turnNumber = 6 }
178	2026-02-27T14:45:12.1489514Z	StrikeReactionPhase	{ frappeur = Joueur 2, cible = Joueur 1, baseDamage = 1, casterForce = 0, runeStrikes = 2, damageTotal = 3, turnNumber = 6 }
179	2026-02-27T14:45:15.1555636Z	DamageApplied	{ cible = Joueur 1, source = Frappe, baseDamage = 1, casterForce = 0, damageTotal = 1, toShield = 0, toPV = 1, pvAvant = 100, pvApres = 99, shieldAvant = 0, shieldApres = 0 }
180	2026-02-27T14:45:15.1555636Z	DamageApplied	{ cible = Joueur 1, source = Rune de force arcanique, baseDamage = 1, casterForce = 0, damageTotal = 1, toShield = 0, toPV = 1, pvAvant = 99, pvApres = 98, shieldAvant = 0, shieldApres = 0 }
181	2026-02-27T14:45:15.1565680Z	DamageApplied	{ cible = Joueur 1, source = Rune de force arcanique, baseDamage = 1, casterForce = 0, damageTotal = 1, toShield = 0, toPV = 1, pvAvant = 98, pvApres = 97, shieldAvant = 0, shieldApres = 0 }
182	2026-02-27T14:45:15.1565680Z	ShieldApplied	{ cible = Joueur 2, source = Catalyseur arcanique restreint, baseShield = 1, resistance = 0, amount = 1, shieldAvant = 0, shieldApres = 1 }
183	2026-02-27T14:45:15.1575694Z	NoReaction	{ defenseur = Joueur 1, attaquant = Joueur 2, source = Frappe, baseDamage = 1, casterForce = 0, turnNumber = 6 }
184	2026-02-27T14:45:15.1575694Z	ShieldApplied	{ cible = Joueur 2, source = Défense, baseShield = 4, resistance = 0, amount = 4, shieldAvant = 1, shieldApres = 5 }
185	2026-02-27T14:45:15.1592802Z	PlayCard	{ joueur = Joueur 2, carte = Défense, cardId = Defense, handIndex = 5, manaApres = 2, handCount = 6, cible = Joueur 1, toGraveyard = True, turnNumber = 6 }
186	2026-02-27T14:45:15.4643610Z	Draw	{ joueur = Joueur 2, requested = 3, drawn = 3, deckRemaining = 17, handCount = 8 }
187	2026-02-27T14:45:15.4643610Z	PassifMagicien	{ joueur = Joueur 2, ephemeralConsumedThisRound = 1, manaRecovered = 1, manaAvant = 1, manaApres = 2, turnNumber = 6 }
188	2026-02-27T14:45:15.4656583Z	PlayCard	{ joueur = Joueur 2, carte = Evaluation, cardId = Evaluation, handIndex = 1, manaApres = 2, handCount = 8, cible = Joueur 1, toGraveyard = False, turnNumber = 6 }
189	2026-02-27T14:45:15.7678206Z	ShieldApplied	{ cible = Joueur 2, source = Défense +, baseShield = 15, resistance = 0, amount = 15, shieldAvant = 5, shieldApres = 20 }
190	2026-02-27T14:45:15.7687869Z	PlayCard	{ joueur = Joueur 2, carte = Défense +, cardId = DefensePlus, handIndex = 3, manaApres = 0, handCount = 7, cible = Joueur 1, toGraveyard = True, turnNumber = 6 }
191	2026-02-27T14:45:16.0676565Z	EndTurnRequested	{ joueur = Joueur 2, turnNumber = 6 }
192	2026-02-27T14:45:16.3794683Z	ShieldApplied	{ cible = Joueur 2, source = Rune essence arcanique, baseShield = 5, resistance = 0, amount = 5, shieldAvant = 20, shieldApres = 25 }
193	2026-02-27T14:45:16.4878531Z	EndTurn	{ joueur = Joueur 2, manaReserved = 0, pv = 41, shield = 25, handCount = 7, turnNumber = 6 }
194	2026-02-27T14:45:16.5996923Z	StartTurn	{ joueur = Joueur 1, turnNumber = 7, turnCount = 12, discarded = 5, deckKind = Magicien }
195	2026-02-27T14:45:16.7105730Z	DeckReshuffled	{ joueur = Joueur 1, cardsFromGraveyard = 26, deckSize = 26 }
196	2026-02-27T14:45:16.7110788Z	Draw	{ joueur = Joueur 1, requested = 2, drawn = 2, deckRemaining = 25, handCount = 2 }
197	2026-02-27T14:45:16.8117383Z	Draw	{ joueur = Joueur 1, requested = 5, drawn = 5, deckRemaining = 20, handCount = 7, mana = 3, turnNumber = 7 }
198	2026-02-27T14:45:53.5875325Z	Concentration	{ joueur = Joueur 1, forceBonus = 3, resistanceBonus = 3, duree = prochain tour }
199	2026-02-27T14:45:53.5885391Z	PassifMagicien	{ joueur = Joueur 1, ephemeralConsumedThisRound = 1, manaRecovered = 1, manaAvant = 1, manaApres = 2, turnNumber = 7 }
200	2026-02-27T14:45:53.5885391Z	PlayCard	{ joueur = Joueur 1, carte = Concentration, cardId = Concentration, handIndex = 2, manaApres = 2, handCount = 6, cible = Joueur 2, toGraveyard = False, turnNumber = 7 }
201	2026-02-27T14:45:54.7021978Z	Draw	{ joueur = Joueur 1, requested = 2, drawn = 2, deckRemaining = 18, handCount = 7 }
202	2026-02-27T14:45:54.7032073Z	PlayCard	{ joueur = Joueur 1, carte = Divination, cardId = Divination, handIndex = 1, manaApres = 1, handCount = 7, cible = Joueur 2, toGraveyard = True, turnNumber = 7 }
203	2026-02-27T14:45:57.9278891Z	DivinationPutBack	{ joueur = Joueur 1, putBackIndex = 0, carteRemise = Evaluation, cardId = Evaluation, turnNumber = 7 }
204	2026-02-27T14:46:07.1098728Z	ShieldApplied	{ cible = Joueur 1, source = Défense, baseShield = 4, resistance = 0, amount = 4, shieldAvant = 0, shieldApres = 4 }
205	2026-02-27T14:46:07.1108728Z	PlayCard	{ joueur = Joueur 1, carte = Défense, cardId = Defense, handIndex = 2, manaApres = 0, handCount = 5, cible = Joueur 2, toGraveyard = True, turnNumber = 7 }
206	2026-02-27T14:46:08.4881472Z	StrikeReactionPhase	{ frappeur = Joueur 1, cible = Joueur 2, baseDamage = 1, casterForce = 3, runeStrikes = 2, damageTotal = 12, turnNumber = 7 }
207	2026-02-27T14:46:08.4901935Z	DamageApplied	{ cible = Joueur 2, source = Frappe, baseDamage = 1, casterForce = 3, damageTotal = 4, toShield = 4, toPV = 0, pvAvant = 41, pvApres = 41, shieldAvant = 25, shieldApres = 21 }
208	2026-02-27T14:46:08.4901935Z	DamageApplied	{ cible = Joueur 2, source = Rune de force arcanique, baseDamage = 1, casterForce = 3, damageTotal = 4, toShield = 4, toPV = 0, pvAvant = 41, pvApres = 41, shieldAvant = 21, shieldApres = 17 }
209	2026-02-27T14:46:08.4912068Z	DamageApplied	{ cible = Joueur 2, source = Rune de force arcanique, baseDamage = 1, casterForce = 3, damageTotal = 4, toShield = 4, toPV = 0, pvAvant = 41, pvApres = 41, shieldAvant = 17, shieldApres = 13 }
210	2026-02-27T14:46:08.4912068Z	ShieldApplied	{ cible = Joueur 1, source = Catalyseur arcanique restreint, baseShield = 1, resistance = 0, amount = 1, shieldAvant = 4, shieldApres = 5 }
211	2026-02-27T14:46:08.4912068Z	NoReaction	{ defenseur = Joueur 2, attaquant = Joueur 1, source = Frappe, baseDamage = 1, casterForce = 3, turnNumber = 7 }
212	2026-02-27T14:46:09.6609617Z	EndTurnRequested	{ joueur = Joueur 1, turnNumber = 7 }
213	2026-02-27T14:46:09.6629680Z	ShieldApplied	{ cible = Joueur 1, source = Rune essence arcanique, baseShield = 5, resistance = 0, amount = 5, shieldAvant = 5, shieldApres = 10 }
214	2026-02-27T14:46:09.6629680Z	ForceBonusExpired	{ joueur = Joueur 1, forceRetiree = 0, forceApres = 0, turnNumber = 7 }
215	2026-02-27T14:46:09.6734029Z	EndTurn	{ joueur = Joueur 1, manaReserved = 0, pv = 97, shield = 10, handCount = 5, turnNumber = 7 }
216	2026-02-27T14:46:09.6841623Z	StartTurn	{ joueur = Joueur 2, turnNumber = 7, turnCount = 13, discarded = 7, deckKind = Magicien }
217	2026-02-27T14:46:09.6946085Z	Draw	{ joueur = Joueur 2, requested = 2, drawn = 2, deckRemaining = 15, handCount = 2 }
218	2026-02-27T14:46:09.7053224Z	Draw	{ joueur = Joueur 2, requested = 5, drawn = 5, deckRemaining = 10, handCount = 7, mana = 3, turnNumber = 7 }
219	2026-02-27T14:46:09.7165203Z	StrikeReactionPhase	{ frappeur = Joueur 2, cible = Joueur 1, baseDamage = 1, casterForce = 0, runeStrikes = 2, damageTotal = 3, turnNumber = 7 }
220	2026-02-27T14:46:12.7188369Z	DamageApplied	{ cible = Joueur 1, source = Frappe, baseDamage = 1, casterForce = 0, damageTotal = 1, toShield = 1, toPV = 0, pvAvant = 97, pvApres = 97, shieldAvant = 10, shieldApres = 9 }
221	2026-02-27T14:46:12.7188369Z	DamageApplied	{ cible = Joueur 1, source = Rune de force arcanique, baseDamage = 1, casterForce = 0, damageTotal = 1, toShield = 1, toPV = 0, pvAvant = 97, pvApres = 97, shieldAvant = 9, shieldApres = 8 }
222	2026-02-27T14:46:12.7203541Z	DamageApplied	{ cible = Joueur 1, source = Rune de force arcanique, baseDamage = 1, casterForce = 0, damageTotal = 1, toShield = 1, toPV = 0, pvAvant = 97, pvApres = 97, shieldAvant = 8, shieldApres = 7 }
223	2026-02-27T14:46:12.7203541Z	ShieldApplied	{ cible = Joueur 2, source = Catalyseur arcanique restreint, baseShield = 1, resistance = 0, amount = 1, shieldAvant = 0, shieldApres = 1 }
224	2026-02-27T14:46:12.7213605Z	NoReaction	{ defenseur = Joueur 1, attaquant = Joueur 2, source = Frappe, baseDamage = 1, casterForce = 0, turnNumber = 7 }
225	2026-02-27T14:46:12.7223684Z	PassifMagicien	{ joueur = Joueur 2, ephemeralConsumedThisRound = 1, manaRecovered = 1, manaAvant = 0, manaApres = 1, turnNumber = 7 }
226	2026-02-27T14:46:12.7233669Z	ReactionPhase	{ attaquant = Joueur 2, defenseur = Joueur 1, source = Boule de feu, cardId = BouleDeFeu, turnNumber = 7 }
227	2026-02-27T14:46:12.7233669Z	PlayCard	{ joueur = Joueur 2, carte = Boule de feu, cardId = BouleDeFeu, handIndex = 3, manaApres = 1, handCount = 6, cible = Joueur 1, toGraveyard = False, turnNumber = 7 }
228	2026-02-27T14:46:15.7287766Z	DamageApplied	{ cible = Joueur 1, source = Boule de feu, baseDamage = 15, casterForce = 0, damageTotal = 15, toShield = 7, toPV = 8, pvAvant = 97, pvApres = 89, shieldAvant = 7, shieldApres = 0 }
229	2026-02-27T14:46:15.7287766Z	DamageApplied	{ cible = Joueur 1, source = Rune de force arcanique, baseDamage = 1, casterForce = 0, damageTotal = 1, toShield = 0, toPV = 1, pvAvant = 89, pvApres = 88, shieldAvant = 0, shieldApres = 0 }
230	2026-02-27T14:46:15.7297772Z	DamageApplied	{ cible = Joueur 1, source = Rune de force arcanique, baseDamage = 1, casterForce = 0, damageTotal = 1, toShield = 0, toPV = 1, pvAvant = 88, pvApres = 87, shieldAvant = 0, shieldApres = 0 }
231	2026-02-27T14:46:15.7297772Z	NoReaction	{ defenseur = Joueur 1, attaquant = Joueur 2, source = Boule de feu, baseDamage = 15, casterForce = 0, turnNumber = 7 }
232	2026-02-27T14:46:15.7312830Z	ReactionPhase	{ attaquant = Joueur 2, defenseur = Joueur 1, source = Explosion de magie éphémère, cardId = ExplosionMagieEphemere, turnNumber = 7 }
233	2026-02-27T14:46:15.7318280Z	PlayCard	{ joueur = Joueur 2, carte = Explosion de magie éphémère, cardId = ExplosionMagieEphemere, handIndex = 2, manaApres = 0, handCount = 5, cible = Joueur 1, toGraveyard = True, turnNumber = 7 }
234	2026-02-27T14:46:18.7343086Z	DamageApplied	{ cible = Joueur 1, source = Explosion de magie éphémère, baseDamage = 10, casterForce = 0, damageTotal = 10, toShield = 0, toPV = 10, pvAvant = 87, pvApres = 77, shieldAvant = 0, shieldApres = 0 }
235	2026-02-27T14:46:18.7353606Z	DamageApplied	{ cible = Joueur 1, source = Rune de force arcanique, baseDamage = 1, casterForce = 0, damageTotal = 1, toShield = 0, toPV = 1, pvAvant = 77, pvApres = 76, shieldAvant = 0, shieldApres = 0 }
236	2026-02-27T14:46:18.7353606Z	DamageApplied	{ cible = Joueur 1, source = Rune de force arcanique, baseDamage = 1, casterForce = 0, damageTotal = 1, toShield = 0, toPV = 1, pvAvant = 76, pvApres = 75, shieldAvant = 0, shieldApres = 0 }
237	2026-02-27T14:46:18.7353606Z	NoReaction	{ defenseur = Joueur 1, attaquant = Joueur 2, source = Explosion de magie éphémère, baseDamage = 10, casterForce = 0, turnNumber = 7 }
238	2026-02-27T14:46:18.7373815Z	EndTurnRequested	{ joueur = Joueur 2, turnNumber = 7 }
239	2026-02-27T14:46:19.0383223Z	ShieldApplied	{ cible = Joueur 2, source = Rune essence arcanique, baseShield = 5, resistance = 0, amount = 5, shieldAvant = 1, shieldApres = 6 }
240	2026-02-27T14:46:19.1453338Z	EndTurn	{ joueur = Joueur 2, manaReserved = 0, pv = 41, shield = 6, handCount = 5, turnNumber = 7 }
241	2026-02-27T14:46:19.2492930Z	StartTurn	{ joueur = Joueur 1, turnNumber = 8, turnCount = 14, discarded = 5, deckKind = Magicien }
242	2026-02-27T14:46:19.3542267Z	Draw	{ joueur = Joueur 1, requested = 2, drawn = 2, deckRemaining = 17, handCount = 2 }
243	2026-02-27T14:46:19.4560345Z	Draw	{ joueur = Joueur 1, requested = 5, drawn = 5, deckRemaining = 12, handCount = 7, mana = 3, turnNumber = 8 }
244	2026-02-27T14:46:30.2067766Z	Draw	{ joueur = Joueur 1, requested = 3, drawn = 3, deckRemaining = 9, handCount = 9 }
245	2026-02-27T14:46:30.2077841Z	PassifMagicien	{ joueur = Joueur 1, ephemeralConsumedThisRound = 1, manaRecovered = 1, manaAvant = 2, manaApres = 3, turnNumber = 8 }
246	2026-02-27T14:46:30.2077841Z	PlayCard	{ joueur = Joueur 1, carte = Evaluation, cardId = Evaluation, handIndex = 0, manaApres = 3, handCount = 9, cible = Joueur 2, toGraveyard = False, turnNumber = 8 }
247	2026-02-27T14:46:42.9916205Z	PassifMagicien	{ joueur = Joueur 1, ephemeralConsumedThisRound = 2, manaRecovered = 1, manaAvant = 0, manaApres = 1, turnNumber = 8 }
248	2026-02-27T14:46:42.9921579Z	ReactionPhase	{ attaquant = Joueur 1, defenseur = Joueur 2, source = Boule de feu, cardId = BouleDeFeu, turnNumber = 8 }
249	2026-02-27T14:46:42.9926635Z	PlayCard	{ joueur = Joueur 1, carte = Boule de feu, cardId = BouleDeFeu, handIndex = 3, manaApres = 1, handCount = 8, cible = Joueur 2, toGraveyard = False, turnNumber = 8 }
250	2026-02-27T14:46:42.9982481Z	DamageApplied	{ cible = Joueur 2, source = Boule de feu, baseDamage = 15, casterForce = 0, damageTotal = 15, toShield = 6, toPV = 9, pvAvant = 41, pvApres = 32, shieldAvant = 6, shieldApres = 0 }
251	2026-02-27T14:46:42.9992625Z	DamageApplied	{ cible = Joueur 2, source = Rune de force arcanique, baseDamage = 1, casterForce = 0, damageTotal = 1, toShield = 0, toPV = 1, pvAvant = 32, pvApres = 31, shieldAvant = 0, shieldApres = 0 }
252	2026-02-27T14:46:42.9992625Z	DamageApplied	{ cible = Joueur 2, source = Rune de force arcanique, baseDamage = 1, casterForce = 0, damageTotal = 1, toShield = 0, toPV = 1, pvAvant = 31, pvApres = 30, shieldAvant = 0, shieldApres = 0 }
253	2026-02-27T14:46:42.9997739Z	NoReaction	{ defenseur = Joueur 2, attaquant = Joueur 1, source = Boule de feu, baseDamage = 15, casterForce = 0, turnNumber = 8 }
254	2026-02-27T14:46:49.8148959Z	ShieldApplied	{ cible = Joueur 1, source = Défense, baseShield = 4, resistance = 0, amount = 4, shieldAvant = 0, shieldApres = 4 }
255	2026-02-27T14:46:49.8154151Z	PlayCard	{ joueur = Joueur 1, carte = Défense, cardId = Defense, handIndex = 3, manaApres = 0, handCount = 7, cible = Joueur 2, toGraveyard = True, turnNumber = 8 }
256	2026-02-27T14:46:51.4577236Z	StrikeReactionPhase	{ frappeur = Joueur 1, cible = Joueur 2, baseDamage = 1, casterForce = 0, runeStrikes = 2, damageTotal = 3, turnNumber = 8 }
257	2026-02-27T14:46:51.4592279Z	DamageApplied	{ cible = Joueur 2, source = Frappe, baseDamage = 1, casterForce = 0, damageTotal = 1, toShield = 0, toPV = 1, pvAvant = 30, pvApres = 29, shieldAvant = 0, shieldApres = 0 }
258	2026-02-27T14:46:51.4602349Z	DamageApplied	{ cible = Joueur 2, source = Rune de force arcanique, baseDamage = 1, casterForce = 0, damageTotal = 1, toShield = 0, toPV = 1, pvAvant = 29, pvApres = 28, shieldAvant = 0, shieldApres = 0 }
259	2026-02-27T14:46:51.4602349Z	DamageApplied	{ cible = Joueur 2, source = Rune de force arcanique, baseDamage = 1, casterForce = 0, damageTotal = 1, toShield = 0, toPV = 1, pvAvant = 28, pvApres = 27, shieldAvant = 0, shieldApres = 0 }
260	2026-02-27T14:46:51.4602349Z	ShieldApplied	{ cible = Joueur 1, source = Catalyseur arcanique restreint, baseShield = 1, resistance = 0, amount = 1, shieldAvant = 4, shieldApres = 5 }
261	2026-02-27T14:46:51.4612326Z	NoReaction	{ defenseur = Joueur 2, attaquant = Joueur 1, source = Frappe, baseDamage = 1, casterForce = 0, turnNumber = 8 }
262	2026-02-27T14:46:52.7607314Z	EndTurnRequested	{ joueur = Joueur 1, turnNumber = 8 }
263	2026-02-27T14:46:52.7627393Z	ShieldApplied	{ cible = Joueur 1, source = Rune essence arcanique, baseShield = 5, resistance = 0, amount = 5, shieldAvant = 5, shieldApres = 10 }
264	2026-02-27T14:46:52.7713299Z	EndTurn	{ joueur = Joueur 1, manaReserved = 0, pv = 75, shield = 10, handCount = 7, turnNumber = 8 }
265	2026-02-27T14:46:52.7844209Z	StartTurn	{ joueur = Joueur 2, turnNumber = 8, turnCount = 15, discarded = 5, deckKind = Magicien }
266	2026-02-27T14:46:52.7929891Z	Draw	{ joueur = Joueur 2, requested = 2, drawn = 2, deckRemaining = 8, handCount = 2 }
267	2026-02-27T14:46:52.8054080Z	Draw	{ joueur = Joueur 2, requested = 5, drawn = 5, deckRemaining = 3, handCount = 7, mana = 3, turnNumber = 8 }
268	2026-02-27T14:46:52.8161774Z	ReactionPhase	{ attaquant = Joueur 2, defenseur = Joueur 1, source = Attaque, cardId = Attaque, turnNumber = 8 }
269	2026-02-27T14:46:52.8171927Z	PlayCard	{ joueur = Joueur 2, carte = Attaque, cardId = Attaque, handIndex = 5, manaApres = 2, handCount = 6, cible = Joueur 1, toGraveyard = True, turnNumber = 8 }
270	2026-02-27T14:46:55.8156473Z	DamageApplied	{ cible = Joueur 1, source = Attaque, baseDamage = 5, casterForce = 0, damageTotal = 5, toShield = 5, toPV = 0, pvAvant = 75, pvApres = 75, shieldAvant = 10, shieldApres = 5 }
271	2026-02-27T14:46:55.8166543Z	DamageApplied	{ cible = Joueur 1, source = Rune de force arcanique, baseDamage = 1, casterForce = 0, damageTotal = 1, toShield = 1, toPV = 0, pvAvant = 75, pvApres = 75, shieldAvant = 5, shieldApres = 4 }
272	2026-02-27T14:46:55.8176528Z	DamageApplied	{ cible = Joueur 1, source = Rune de force arcanique, baseDamage = 1, casterForce = 0, damageTotal = 1, toShield = 1, toPV = 0, pvAvant = 75, pvApres = 75, shieldAvant = 4, shieldApres = 3 }
273	2026-02-27T14:46:55.8176528Z	NoReaction	{ defenseur = Joueur 1, attaquant = Joueur 2, source = Attaque, baseDamage = 5, casterForce = 0, turnNumber = 8 }
274	2026-02-27T14:46:55.8196530Z	LienKarmique	{ joueur = Joueur 2, resistanceBonus = 3, dureeTours = 3 }
275	2026-02-27T14:46:55.8196530Z	PlayCard	{ joueur = Joueur 2, carte = Lien karmique, cardId = LienKarmique, handIndex = 2, manaApres = 0, handCount = 5, cible = Joueur 1, toGraveyard = True, turnNumber = 8 }
276	2026-02-27T14:46:56.1240660Z	StrikeReactionPhase	{ frappeur = Joueur 2, cible = Joueur 1, baseDamage = 1, casterForce = 0, runeStrikes = 2, damageTotal = 3, turnNumber = 8 }
277	2026-02-27T14:46:59.1244195Z	DamageApplied	{ cible = Joueur 1, source = Frappe, baseDamage = 1, casterForce = 0, damageTotal = 1, toShield = 1, toPV = 0, pvAvant = 75, pvApres = 75, shieldAvant = 3, shieldApres = 2 }
278	2026-02-27T14:46:59.1254386Z	DamageApplied	{ cible = Joueur 1, source = Rune de force arcanique, baseDamage = 1, casterForce = 0, damageTotal = 1, toShield = 1, toPV = 0, pvAvant = 75, pvApres = 75, shieldAvant = 2, shieldApres = 1 }
279	2026-02-27T14:46:59.1254386Z	DamageApplied	{ cible = Joueur 1, source = Rune de force arcanique, baseDamage = 1, casterForce = 0, damageTotal = 1, toShield = 1, toPV = 0, pvAvant = 75, pvApres = 75, shieldAvant = 1, shieldApres = 0 }
280	2026-02-27T14:46:59.1264439Z	ShieldApplied	{ cible = Joueur 2, source = Catalyseur arcanique restreint, baseShield = 1, resistance = 3, amount = 4, shieldAvant = 0, shieldApres = 4 }
281	2026-02-27T14:46:59.1264439Z	NoReaction	{ defenseur = Joueur 1, attaquant = Joueur 2, source = Frappe, baseDamage = 1, casterForce = 0, turnNumber = 8 }
282	2026-02-27T14:46:59.1288059Z	EndTurnRequested	{ joueur = Joueur 2, turnNumber = 8 }
283	2026-02-27T14:46:59.5353372Z	EndTurn	{ joueur = Joueur 2, manaReserved = 0, pv = 27, shield = 4, handCount = 5, turnNumber = 8 }
284	2026-02-27T14:46:59.6380061Z	StartTurn	{ joueur = Joueur 1, turnNumber = 9, turnCount = 16, discarded = 7, deckKind = Magicien }
285	2026-02-27T14:46:59.7430296Z	Draw	{ joueur = Joueur 1, requested = 2, drawn = 2, deckRemaining = 7, handCount = 2 }
286	2026-02-27T14:46:59.8512338Z	Draw	{ joueur = Joueur 1, requested = 5, drawn = 5, deckRemaining = 2, handCount = 7, mana = 3, turnNumber = 9 }
287	2026-02-27T14:47:30.3235444Z	OrageDePoche	{ lanceur = Joueur 1, cible = Joueur 2, degatsParTour = 1, dureeTours = 3 }
288	2026-02-27T14:47:30.3245600Z	PassifMagicien	{ joueur = Joueur 1, ephemeralConsumedThisRound = 1, manaRecovered = 1, manaAvant = 0, manaApres = 1, turnNumber = 9 }
289	2026-02-27T14:47:30.3256800Z	PlayCard	{ joueur = Joueur 1, carte = Orage de poche, cardId = OrageDePoche, handIndex = 5, manaApres = 1, handCount = 6, cible = Joueur 2, toGraveyard = False, turnNumber = 9 }
290	2026-02-27T14:47:32.7668209Z	Draw	{ joueur = Joueur 1, requested = 2, drawn = 2, deckRemaining = 0, handCount = 7 }
291	2026-02-27T14:47:32.7668209Z	PlayCard	{ joueur = Joueur 1, carte = Divination, cardId = Divination, handIndex = 4, manaApres = 0, handCount = 7, cible = Joueur 2, toGraveyard = True, turnNumber = 9 }
292	2026-02-27T14:47:34.9529213Z	DivinationPutBack	{ joueur = Joueur 1, putBackIndex = 0, carteRemise = Evaluation, cardId = Evaluation, turnNumber = 9 }
293	2026-02-27T14:47:36.7292101Z	StrikeReactionPhase	{ frappeur = Joueur 1, cible = Joueur 2, baseDamage = 1, casterForce = 0, runeStrikes = 2, damageTotal = 3, turnNumber = 9 }
294	2026-02-27T14:47:36.7307277Z	DamageApplied	{ cible = Joueur 2, source = Frappe, baseDamage = 1, casterForce = 0, damageTotal = 1, toShield = 1, toPV = 0, pvAvant = 27, pvApres = 27, shieldAvant = 4, shieldApres = 3 }
295	2026-02-27T14:47:36.7317353Z	DamageApplied	{ cible = Joueur 2, source = Rune de force arcanique, baseDamage = 1, casterForce = 0, damageTotal = 1, toShield = 1, toPV = 0, pvAvant = 27, pvApres = 27, shieldAvant = 3, shieldApres = 2 }
296	2026-02-27T14:47:36.7317353Z	DamageApplied	{ cible = Joueur 2, source = Rune de force arcanique, baseDamage = 1, casterForce = 0, damageTotal = 1, toShield = 1, toPV = 0, pvAvant = 27, pvApres = 27, shieldAvant = 2, shieldApres = 1 }
297	2026-02-27T14:47:36.7327340Z	ShieldApplied	{ cible = Joueur 1, source = Catalyseur arcanique restreint, baseShield = 1, resistance = 0, amount = 1, shieldAvant = 0, shieldApres = 1 }
298	2026-02-27T14:47:36.7327340Z	NoReaction	{ defenseur = Joueur 2, attaquant = Joueur 1, source = Frappe, baseDamage = 1, casterForce = 0, turnNumber = 9 }
299	2026-02-27T14:47:37.8190307Z	EndTurnRequested	{ joueur = Joueur 1, turnNumber = 9 }
300	2026-02-27T14:47:37.8210380Z	ShieldApplied	{ cible = Joueur 1, source = Rune essence arcanique, baseShield = 5, resistance = 0, amount = 5, shieldAvant = 1, shieldApres = 6 }
301	2026-02-27T14:47:37.8316626Z	EndTurn	{ joueur = Joueur 1, manaReserved = 0, pv = 75, shield = 6, handCount = 6, turnNumber = 9 }
302	2026-02-27T14:47:37.8434625Z	StartTurn	{ joueur = Joueur 2, turnNumber = 9, turnCount = 17, discarded = 5, deckKind = Magicien }
303	2026-02-27T14:47:37.8548133Z	Draw	{ joueur = Joueur 2, requested = 2, drawn = 2, deckRemaining = 1, handCount = 2 }
304	2026-02-27T14:47:37.8669067Z	DeckReshuffled	{ joueur = Joueur 2, cardsFromGraveyard = 22, deckSize = 22, turnNumber = 9 }
305	2026-02-27T14:47:37.8679095Z	Draw	{ joueur = Joueur 2, requested = 5, drawn = 5, deckRemaining = 18, handCount = 7, mana = 3, turnNumber = 9 }
306	2026-02-27T14:47:37.8795450Z	Galvanisation	{ joueur = Joueur 2, handCount = 6, forceBonus = 6, forceAvant = 0, forceApres = 6, duree = jusqu'à fin du tour }
307	2026-02-27T14:47:37.8805440Z	PlayCard	{ joueur = Joueur 2, carte = Galvanisation, cardId = Galvanisation, handIndex = 2, manaApres = 2, handCount = 6, cible = Joueur 1, toGraveyard = True, turnNumber = 9 }
308	2026-02-27T14:47:38.1841649Z	Draw	{ joueur = Joueur 2, requested = 2, drawn = 2, deckRemaining = 16, handCount = 7 }
309	2026-02-27T14:47:38.1857794Z	PlayCard	{ joueur = Joueur 2, carte = Divination, cardId = Divination, handIndex = 4, manaApres = 1, handCount = 6, cible = Joueur 1, toGraveyard = True, turnNumber = 9 }
310	2026-02-27T14:47:38.4922258Z	GlaceLocalisee	{ lanceur = Joueur 2, cible = Joueur 1, equipementGele = Catalyseur arcanique restreint, cardId = CatalyseurArcanaiqueRestraint, duree = 2 tours du joueur propriétaire }
311	2026-02-27T14:47:38.4927500Z	PassifMagicien	{ joueur = Joueur 2, ephemeralConsumedThisRound = 1, manaRecovered = 1, manaAvant = 0, manaApres = 1, turnNumber = 9 }
312	2026-02-27T14:47:38.4932583Z	PlayCard	{ joueur = Joueur 2, carte = Glace localisée, cardId = GlaceLocalisee, handIndex = 2, manaApres = 1, handCount = 5, cible = Joueur 1, toGraveyard = False, turnNumber = 9 }
313	2026-02-27T14:47:38.8021220Z	StrikeReactionPhase	{ frappeur = Joueur 2, cible = Joueur 1, baseDamage = 1, casterForce = 6, runeStrikes = 2, damageTotal = 21, turnNumber = 9 }
314	2026-02-27T14:47:41.8040421Z	DamageApplied	{ cible = Joueur 1, source = Frappe, baseDamage = 1, casterForce = 6, damageTotal = 7, toShield = 6, toPV = 1, pvAvant = 75, pvApres = 74, shieldAvant = 6, shieldApres = 0 }
315	2026-02-27T14:47:41.8040421Z	DamageApplied	{ cible = Joueur 1, source = Rune de force arcanique, baseDamage = 1, casterForce = 6, damageTotal = 7, toShield = 0, toPV = 7, pvAvant = 74, pvApres = 67, shieldAvant = 0, shieldApres = 0 }
316	2026-02-27T14:47:41.8050475Z	DamageApplied	{ cible = Joueur 1, source = Rune de force arcanique, baseDamage = 1, casterForce = 6, damageTotal = 7, toShield = 0, toPV = 7, pvAvant = 67, pvApres = 60, shieldAvant = 0, shieldApres = 0 }
317	2026-02-27T14:47:41.8055518Z	ShieldApplied	{ cible = Joueur 2, source = Catalyseur arcanique restreint, baseShield = 1, resistance = 3, amount = 4, shieldAvant = 0, shieldApres = 4 }
318	2026-02-27T14:47:41.8055518Z	NoReaction	{ defenseur = Joueur 1, attaquant = Joueur 2, source = Frappe, baseDamage = 1, casterForce = 6, turnNumber = 9 }
319	2026-02-27T14:47:41.8080635Z	ReactionPhase	{ attaquant = Joueur 2, defenseur = Joueur 1, source = Attaque, cardId = Attaque, turnNumber = 9 }
320	2026-02-27T14:47:41.8090678Z	PlayCard	{ joueur = Joueur 2, carte = Attaque, cardId = Attaque, handIndex = 4, manaApres = 0, handCount = 4, cible = Joueur 1, toGraveyard = True, turnNumber = 9 }
321	2026-02-27T14:47:44.8084420Z	DamageApplied	{ cible = Joueur 1, source = Attaque, baseDamage = 5, casterForce = 6, damageTotal = 11, toShield = 0, toPV = 11, pvAvant = 60, pvApres = 49, shieldAvant = 0, shieldApres = 0 }
322	2026-02-27T14:47:44.8094849Z	DamageApplied	{ cible = Joueur 1, source = Rune de force arcanique, baseDamage = 1, casterForce = 6, damageTotal = 7, toShield = 0, toPV = 7, pvAvant = 49, pvApres = 42, shieldAvant = 0, shieldApres = 0 }
323	2026-02-27T14:47:44.8094849Z	DamageApplied	{ cible = Joueur 1, source = Rune de force arcanique, baseDamage = 1, casterForce = 6, damageTotal = 7, toShield = 0, toPV = 7, pvAvant = 42, pvApres = 35, shieldAvant = 0, shieldApres = 0 }
324	2026-02-27T14:47:44.8104486Z	NoReaction	{ defenseur = Joueur 1, attaquant = Joueur 2, source = Attaque, baseDamage = 5, casterForce = 6, turnNumber = 9 }
325	2026-02-27T14:47:44.8104486Z	EndTurnRequested	{ joueur = Joueur 2, turnNumber = 9 }
326	2026-02-27T14:47:45.1170267Z	ForceBonusExpired	{ joueur = Joueur 2, forceRetiree = 0, forceApres = 0, turnNumber = 9 }
327	2026-02-27T14:47:45.1170267Z	DamageApplied	{ cible = Joueur 2, source = Orage de poche, baseDamage = 1, casterForce = 0, damageTotal = 1, toShield = 1, toPV = 0, pvAvant = 27, pvApres = 27, shieldAvant = 4, shieldApres = 3 }
328	2026-02-27T14:47:45.2194673Z	EndTurn	{ joueur = Joueur 2, manaReserved = 0, pv = 27, shield = 3, handCount = 4, turnNumber = 9 }
329	2026-02-27T14:47:45.3192009Z	StartTurn	{ joueur = Joueur 1, turnNumber = 10, turnCount = 18, discarded = 6, deckKind = Magicien }
330	2026-02-27T14:47:45.4209071Z	DeckReshuffled	{ joueur = Joueur 1, cardsFromGraveyard = 22, deckSize = 22 }
331	2026-02-27T14:47:45.4214132Z	Draw	{ joueur = Joueur 1, requested = 2, drawn = 2, deckRemaining = 21, handCount = 2 }
332	2026-02-27T14:47:45.5207176Z	Draw	{ joueur = Joueur 1, requested = 5, drawn = 5, deckRemaining = 16, handCount = 7, mana = 3, turnNumber = 10 }
333	2026-02-27T14:48:07.0095671Z	Draw	{ joueur = Joueur 1, requested = 3, drawn = 3, deckRemaining = 13, handCount = 9 }
334	2026-02-27T14:48:07.0100749Z	PassifMagicien	{ joueur = Joueur 1, ephemeralConsumedThisRound = 1, manaRecovered = 1, manaAvant = 2, manaApres = 3, turnNumber = 10 }
335	2026-02-27T14:48:07.0105840Z	PlayCard	{ joueur = Joueur 1, carte = Evaluation, cardId = Evaluation, handIndex = 0, manaApres = 3, handCount = 9, cible = Joueur 2, toGraveyard = False, turnNumber = 10 }
336	2026-02-27T14:48:10.1025768Z	Galvanisation	{ joueur = Joueur 1, handCount = 8, forceBonus = 8, forceAvant = 0, forceApres = 8, duree = jusqu'à fin du tour }
337	2026-02-27T14:48:10.1041470Z	PlayCard	{ joueur = Joueur 1, carte = Galvanisation, cardId = Galvanisation, handIndex = 8, manaApres = 2, handCount = 8, cible = Joueur 2, toGraveyard = True, turnNumber = 10 }
338	2026-02-27T14:48:14.1175561Z	ReactionPhase	{ attaquant = Joueur 1, defenseur = Joueur 2, source = Attaque, cardId = Attaque, turnNumber = 10 }
339	2026-02-27T14:48:14.1185562Z	PlayCard	{ joueur = Joueur 1, carte = Attaque, cardId = Attaque, handIndex = 6, manaApres = 1, handCount = 7, cible = Joueur 2, toGraveyard = True, turnNumber = 10 }
340	2026-02-27T14:48:14.1241228Z	DamageApplied	{ cible = Joueur 2, source = Attaque, baseDamage = 5, casterForce = 8, damageTotal = 13, toShield = 3, toPV = 10, pvAvant = 27, pvApres = 17, shieldAvant = 3, shieldApres = 0 }
341	2026-02-27T14:48:14.1241228Z	DamageApplied	{ cible = Joueur 2, source = Rune de force arcanique, baseDamage = 1, casterForce = 8, damageTotal = 9, toShield = 0, toPV = 9, pvAvant = 17, pvApres = 8, shieldAvant = 0, shieldApres = 0 }
342	2026-02-27T14:48:14.1241228Z	DamageApplied	{ cible = Joueur 2, source = Rune de force arcanique, baseDamage = 1, casterForce = 8, damageTotal = 9, toShield = 0, toPV = 9, pvAvant = 8, pvApres = 0, shieldAvant = 0, shieldApres = 0 }
343	2026-02-27T14:48:14.1256516Z	NoReaction	{ defenseur = Joueur 2, attaquant = Joueur 1, source = Attaque, baseDamage = 5, casterForce = 8, turnNumber = 10 }
344	2026-02-27T14:48:14.1266582Z	Victory	{ gagnant = Joueur 1, winnerIndex = 0, turnCount = 18, deckJoueur1 = Magicien, deckJoueur2 = Magicien }
