#META	{"id":"cardgame_20260301_151926","startedAt":"2026-03-01T14:19:26.8695644Z"}
1	2026-03-01T14:19:26.8755877Z	GameStart	{ firstPlayer = Joueur 1, deckJoueur1 = Magicien, deckJoueur2 = Guerrier, seed = 628100390, pvInitial = 100 }
2	2026-03-01T14:19:26.8816887Z	StartTurn	{ joueur = Joueur 1, turnNumber = 1, turnCount = 0, discarded = 0, deckKind = Magicien }
3	2026-03-01T14:19:26.9567592Z	Draw	{ joueur = Joueur 1, requested = 3, drawn = 3, deckRemaining = 27, handCount = 3, mana = 1, turnNumber = 1 }
4	2026-03-01T14:20:06.9267473Z	StrikeReactionPhase	{ frappeur = Joueur 1, cible = Joueur 2, baseDamage = 1, casterForce = 0, runeStrikes = 0, damageTotal = 1, turnNumber = 1 }
5	2026-03-01T14:20:06.9327912Z	DamageApplied	{ cible = Joueur 2, source = Frappe, baseDamage = 1, casterForce = 0, damageTotal = 1, toShield = 0, toPV = 1, pvAvant = 100, pvApres = 99, shieldAvant = 0, shieldApres = 0 }
6	2026-03-01T14:20:06.9343061Z	ShieldApplied	{ cible = Joueur 1, source = Catalyseur arcanique restreint, baseShield = 1, resistance = 0, amount = 1, shieldAvant = 0, shieldApres = 1 }
7	2026-03-01T14:20:06.9353090Z	NoReaction	{ defenseur = Joueur 2, attaquant = Joueur 1, source = Frappe, baseDamage = 1, casterForce = 0, turnNumber = 1 }
8	2026-03-01T14:20:11.7573925Z	EndTurnRequested	{ joueur = Joueur 1, turnNumber = 1 }
9	2026-03-01T14:20:11.7609678Z	ShieldApplied	{ cible = Joueur 1, source = Rune essence arcanique, baseShield = 5, resistance = 0, amount = 5, shieldAvant = 1, shieldApres = 6 }
10	2026-03-01T14:20:11.7731500Z	EndTurn	{ joueur = Joueur 1, manaReserved = 1, pv = 100, shield = 6, handCount = 3, turnNumber = 1 }
11	2026-03-01T14:20:11.7861849Z	StartTurn	{ joueur = Joueur 2, turnNumber = 1, turnCount = 1, discarded = 0, deckKind = Guerrier }
12	2026-03-01T14:20:11.7990169Z	RuneEndurance	{ joueur = Joueur 2, pvAvant = 97, pvApres = 100, heal = 3, turnNumber = 1 }
13	2026-03-01T14:20:11.8108979Z	Draw	{ joueur = Joueur 2, requested = 3, drawn = 3, deckRemaining = 27, handCount = 3, mana = 1, turnNumber = 1 }
14	2026-03-01T14:20:11.8269971Z	DamageApplied	{ cible = Joueur 1, source = Guillotine, baseDamage = 5, casterForce = 2, damageTotal = 7, toShield = 6, toPV = 1, pvAvant = 100, pvApres = 99, shieldAvant = 6, shieldApres = 0 }
15	2026-03-01T14:20:11.8285831Z	PlayCard	{ joueur = Joueur 2, carte = Guillotine, cardId = Guillotine, handIndex = 1, manaApres = 0, handCount = 2, cible = Joueur 1, toGraveyard = True, turnNumber = 1 }
16	2026-03-01T14:20:12.2335422Z	EndTurn	{ joueur = Joueur 2, manaReserved = 0, pv = 100, shield = 0, handCount = 2, turnNumber = 1 }
17	2026-03-01T14:20:12.3372449Z	StartTurn	{ joueur = Joueur 1, turnNumber = 2, turnCount = 2, discarded = 3, deckKind = Magicien }
18	2026-03-01T14:20:12.5420193Z	Draw	{ joueur = Joueur 1, requested = 4, drawn = 4, deckRemaining = 23, handCount = 4, mana = 2, turnNumber = 2 }
19	2026-03-01T14:23:26.2735184Z	ReactionPhase	{ attaquant = Joueur 1, defenseur = Joueur 2, source = Attaque +, cardId = AttaquePlus, turnNumber = 2 }
20	2026-03-01T14:23:26.2747240Z	PlayCard	{ joueur = Joueur 1, carte = Attaque +, cardId = AttaquePlus, handIndex = 1, manaApres = 0, handCount = 3, cible = Joueur 2, toGraveyard = True, turnNumber = 2 }
21	2026-03-01T14:23:26.2797539Z	RapidPlayed	{ carte = Contre-attaque, cardId = ContreAttaque, joueur = Joueur 2, attaquant = Joueur 1, type = Contre-attaque }
22	2026-03-01T14:23:26.2812585Z	DamageApplied	{ cible = Joueur 1, source = Contre-attaque, baseDamage = 2, casterForce = 0, damageTotal = 2, toShield = 0, toPV = 2, pvAvant = 99, pvApres = 97, shieldAvant = 0, shieldApres = 0 }
23	2026-03-01T14:23:26.2817630Z	PlayRapid	{ joueur = Joueur 2, carte = Contre-attaque, cardId = ContreAttaque, type = Parade ou Contre-attaque, turnNumber = 2 }
24	2026-03-01T14:23:29.5947201Z	StrikeReactionPhase	{ frappeur = Joueur 1, cible = Joueur 2, baseDamage = 1, casterForce = 0, runeStrikes = 0, damageTotal = 1, turnNumber = 2 }
25	2026-03-01T14:23:29.5972479Z	RapidPlayed	{ carte = Contre-attaque, cardId = ContreAttaque, joueur = Joueur 2, attaquant = Joueur 1, type = Contre-attaque }
26	2026-03-01T14:23:29.5987764Z	DamageApplied	{ cible = Joueur 1, source = Contre-attaque, baseDamage = 2, casterForce = 0, damageTotal = 2, toShield = 0, toPV = 2, pvAvant = 97, pvApres = 95, shieldAvant = 0, shieldApres = 0 }
27	2026-03-01T14:23:29.5993493Z	PlayRapid	{ joueur = Joueur 2, carte = Contre-attaque, cardId = ContreAttaque, type = Parade ou Contre-attaque, turnNumber = 2 }
28	2026-03-01T14:23:34.5431950Z	EndTurnRequested	{ joueur = Joueur 1, turnNumber = 2 }
29	2026-03-01T14:23:34.5447049Z	ShieldApplied	{ cible = Joueur 1, source = Rune essence arcanique, baseShield = 5, resistance = 0, amount = 5, shieldAvant = 0, shieldApres = 5 }
30	2026-03-01T14:23:34.5558828Z	EndTurn	{ joueur = Joueur 1, manaReserved = 0, pv = 95, shield = 5, handCount = 3, turnNumber = 2 }
31	2026-03-01T14:23:34.5694406Z	StartTurn	{ joueur = Joueur 2, turnNumber = 2, turnCount = 3, discarded = 0, deckKind = Guerrier }
32	2026-03-01T14:23:34.5805344Z	RuneEndurance	{ joueur = Joueur 2, pvAvant = 97, pvApres = 100, heal = 3, turnNumber = 2 }
33	2026-03-01T14:23:34.5936381Z	Draw	{ joueur = Joueur 2, requested = 4, drawn = 4, deckRemaining = 23, handCount = 4, mana = 2, turnNumber = 2 }
34	2026-03-01T14:23:34.6050639Z	StrikeReactionPhase	{ frappeur = Joueur 2, cible = Joueur 1, baseDamage = 5, casterForce = 1, runeStrikes = 0, damageTotal = 6, turnNumber = 2 }
35	2026-03-01T14:23:37.6080299Z	DamageApplied	{ cible = Joueur 1, source = Frappe, baseDamage = 5, casterForce = 1, damageTotal = 6, toShield = 5, toPV = 1, pvAvant = 95, pvApres = 94, shieldAvant = 5, shieldApres = 0 }
36	2026-03-01T14:23:37.6080299Z	NoReaction	{ defenseur = Joueur 1, attaquant = Joueur 2, source = Frappe, baseDamage = 5, casterForce = 1, turnNumber = 2 }
37	2026-03-01T14:23:37.6105494Z	AppuisSolide	{ joueur = Joueur 2, bonusDegatsArme = 1, duree = ce tour }
38	2026-03-01T14:23:37.6115487Z	PlayCard	{ joueur = Joueur 2, carte = Appuis solide, cardId = AppuisSolide, handIndex = 0, manaApres = 1, handCount = 3, cible = Joueur 1, toGraveyard = False, turnNumber = 2 }
39	2026-03-01T14:23:37.9117501Z	AppuisSolide	{ joueur = Joueur 2, bonusDegatsArme = 1, duree = ce tour }
40	2026-03-01T14:23:37.9117501Z	PlayCard	{ joueur = Joueur 2, carte = Appuis solide, cardId = AppuisSolide, handIndex = 0, manaApres = 0, handCount = 2, cible = Joueur 1, toGraveyard = False, turnNumber = 2 }
41	2026-03-01T14:23:38.2189384Z	EndTurnRequested	{ joueur = Joueur 2, turnNumber = 2 }
42	2026-03-01T14:23:38.6267850Z	EndTurn	{ joueur = Joueur 2, manaReserved = 0, pv = 100, shield = 0, handCount = 2, turnNumber = 2 }
43	2026-03-01T14:23:38.7273134Z	StartTurn	{ joueur = Joueur 1, turnNumber = 3, turnCount = 4, discarded = 3, deckKind = Magicien }
44	2026-03-01T14:23:38.9360605Z	Draw	{ joueur = Joueur 1, requested = 5, drawn = 5, deckRemaining = 18, handCount = 5, mana = 3, turnNumber = 3 }
45	2026-03-01T14:24:16.4140588Z	ShieldApplied	{ cible = Joueur 1, source = Armure psychique, baseShield = 23, resistance = 0, amount = 23, shieldAvant = 0, shieldApres = 23 }
46	2026-03-01T14:24:16.4160586Z	ArmurePsychique	{ joueur = Joueur 1, shieldAvant = 0, shieldApres = 23, amount = 23, dureeTours = 2 }
47	2026-03-01T14:24:16.4175709Z	PassifMagicien	{ joueur = Joueur 1, ephemeralConsumedThisRound = 1, manaRecovered = 1, manaAvant = 0, manaApres = 1, turnNumber = 3 }
48	2026-03-01T14:24:16.4190983Z	PlayCard	{ joueur = Joueur 1, carte = Armure psychique, cardId = ArmurePsychique, handIndex = 3, manaApres = 1, handCount = 4, cible = Joueur 2, toGraveyard = False, turnNumber = 3 }
49	2026-03-01T14:24:18.9837893Z	StrikeReactionPhase	{ frappeur = Joueur 1, cible = Joueur 2, baseDamage = 1, casterForce = 0, runeStrikes = 0, damageTotal = 1, turnNumber = 3 }
50	2026-03-01T14:24:18.9873111Z	DamageApplied	{ cible = Joueur 2, source = Frappe, baseDamage = 1, casterForce = 0, damageTotal = 1, toShield = 0, toPV = 1, pvAvant = 100, pvApres = 99, shieldAvant = 0, shieldApres = 0 }
51	2026-03-01T14:24:18.9883242Z	ShieldApplied	{ cible = Joueur 1, source = Catalyseur arcanique restreint, baseShield = 1, resistance = 0, amount = 1, shieldAvant = 23, shieldApres = 24 }
52	2026-03-01T14:24:18.9888303Z	NoReaction	{ defenseur = Joueur 2, attaquant = Joueur 1, source = Frappe, baseDamage = 1, casterForce = 0, turnNumber = 3 }
53	2026-03-01T14:24:37.0543430Z	ReactionPhase	{ attaquant = Joueur 1, defenseur = Joueur 2, source = Attaque, cardId = Attaque, turnNumber = 3 }
54	2026-03-01T14:24:37.0553511Z	PlayCard	{ joueur = Joueur 1, carte = Attaque, cardId = Attaque, handIndex = 0, manaApres = 0, handCount = 3, cible = Joueur 2, toGraveyard = True, turnNumber = 3 }
55	2026-03-01T14:24:37.0593647Z	DamageApplied	{ cible = Joueur 2, source = Attaque, baseDamage = 5, casterForce = 0, damageTotal = 5, toShield = 0, toPV = 5, pvAvant = 99, pvApres = 94, shieldAvant = 0, shieldApres = 0 }
56	2026-03-01T14:24:37.0593647Z	NoReaction	{ defenseur = Joueur 2, attaquant = Joueur 1, source = Attaque, baseDamage = 5, casterForce = 0, turnNumber = 3 }
57	2026-03-01T14:24:39.6247701Z	EndTurnRequested	{ joueur = Joueur 1, turnNumber = 3 }
58	2026-03-01T14:24:39.6279091Z	ShieldApplied	{ cible = Joueur 1, source = Rune essence arcanique, baseShield = 5, resistance = 0, amount = 5, shieldAvant = 24, shieldApres = 29 }
59	2026-03-01T14:24:39.6401189Z	EndTurn	{ joueur = Joueur 1, manaReserved = 0, pv = 94, shield = 29, handCount = 3, turnNumber = 3 }
60	2026-03-01T14:24:39.6554866Z	StartTurn	{ joueur = Joueur 2, turnNumber = 3, turnCount = 5, discarded = 2, deckKind = Guerrier }
61	2026-03-01T14:24:39.6698073Z	RuneEndurance	{ joueur = Joueur 2, pvAvant = 94, pvApres = 97, heal = 3, turnNumber = 3 }
62	2026-03-01T14:24:39.6824298Z	Draw	{ joueur = Joueur 2, requested = 5, drawn = 5, deckRemaining = 18, handCount = 5, mana = 3, turnNumber = 3 }
63	2026-03-01T14:24:39.6961025Z	StrikeReactionPhase	{ frappeur = Joueur 2, cible = Joueur 1, baseDamage = 5, casterForce = 1, runeStrikes = 0, damageTotal = 6, turnNumber = 3 }
64	2026-03-01T14:24:42.7003514Z	DamageApplied	{ cible = Joueur 1, source = Frappe, baseDamage = 5, casterForce = 1, damageTotal = 6, toShield = 6, toPV = 0, pvAvant = 94, pvApres = 94, shieldAvant = 29, shieldApres = 23 }
65	2026-03-01T14:24:42.7003514Z	NoReaction	{ defenseur = Joueur 1, attaquant = Joueur 2, source = Frappe, baseDamage = 5, casterForce = 1, turnNumber = 3 }
66	2026-03-01T14:24:42.7018582Z	PositionDefensive	{ joueur = Joueur 2, resistanceAvant = 1, resistanceApres = 2, bonus = 1 }
67	2026-03-01T14:24:42.7033832Z	PlayCard	{ joueur = Joueur 2, carte = Position défensive, cardId = PositionDefensive, handIndex = 1, manaApres = 2, handCount = 4, cible = Joueur 1, toGraveyard = False, turnNumber = 3 }
68	2026-03-01T14:24:43.0047914Z	ShieldApplied	{ cible = Joueur 2, source = Attaque lourde, baseShield = 4, resistance = 2, amount = 12, shieldAvant = 0, shieldApres = 12 }
69	2026-03-01T14:24:43.0047914Z	ReactionPhase	{ attaquant = Joueur 2, defenseur = Joueur 1, source = Attaque lourde, cardId = AttaqueLourde, turnNumber = 3 }
70	2026-03-01T14:24:43.0062963Z	PlayCard	{ joueur = Joueur 2, carte = Attaque lourde, cardId = AttaqueLourde, handIndex = 3, manaApres = 0, handCount = 3, cible = Joueur 1, toGraveyard = True, turnNumber = 3 }
71	2026-03-01T14:24:46.0112979Z	DamageApplied	{ cible = Joueur 1, source = Attaque lourde, baseDamage = 7, casterForce = 1, damageTotal = 8, toShield = 8, toPV = 0, pvAvant = 94, pvApres = 94, shieldAvant = 23, shieldApres = 15 }
72	2026-03-01T14:24:46.0128051Z	NoReaction	{ defenseur = Joueur 1, attaquant = Joueur 2, source = Attaque lourde, baseDamage = 7, casterForce = 1, turnNumber = 3 }
73	2026-03-01T14:24:46.0153493Z	ShieldApplied	{ cible = Joueur 2, source = Repositionnement, baseShield = 2, resistance = 2, amount = 6, shieldAvant = 12, shieldApres = 18 }
74	2026-03-01T14:24:46.0173780Z	Draw	{ joueur = Joueur 2, requested = 1, drawn = 1, deckRemaining = 17, handCount = 3 }
75	2026-03-01T14:24:46.0173780Z	PlayCard	{ joueur = Joueur 2, carte = Repositionnement, cardId = Repositionnement, handIndex = 2, manaApres = 0, handCount = 3, cible = Joueur 1, toGraveyard = True, turnNumber = 3 }
76	2026-03-01T14:24:46.3410967Z	EndTurnRequested	{ joueur = Joueur 2, turnNumber = 3 }
77	2026-03-01T14:24:46.7559909Z	EndTurn	{ joueur = Joueur 2, manaReserved = 0, pv = 97, shield = 18, handCount = 3, turnNumber = 3 }
78	2026-03-01T14:24:46.8654399Z	StartTurn	{ joueur = Joueur 1, turnNumber = 4, turnCount = 6, discarded = 3, deckKind = Magicien }
79	2026-03-01T14:24:47.0752348Z	Draw	{ joueur = Joueur 1, requested = 5, drawn = 5, deckRemaining = 13, handCount = 5, mana = 3, turnNumber = 4 }
80	2026-03-01T14:25:20.3019467Z	Concentration	{ joueur = Joueur 1, forceBonus = 3, resistanceBonus = 3, duree = prochain tour }
81	2026-03-01T14:25:20.3019467Z	PassifMagicien	{ joueur = Joueur 1, ephemeralConsumedThisRound = 1, manaRecovered = 1, manaAvant = 1, manaApres = 2, turnNumber = 4 }
82	2026-03-01T14:25:20.3039964Z	PlayCard	{ joueur = Joueur 1, carte = Concentration, cardId = Concentration, handIndex = 0, manaApres = 2, handCount = 4, cible = Joueur 2, toGraveyard = False, turnNumber = 4 }
83	2026-03-01T14:25:34.6499481Z	Draw	{ joueur = Joueur 1, requested = 3, drawn = 3, deckRemaining = 10, handCount = 6 }
84	2026-03-01T14:25:34.6499481Z	PassifMagicien	{ joueur = Joueur 1, ephemeralConsumedThisRound = 2, manaRecovered = 1, manaAvant = 1, manaApres = 2, turnNumber = 4 }
85	2026-03-01T14:25:34.6514688Z	PlayCard	{ joueur = Joueur 1, carte = Evaluation, cardId = Evaluation, handIndex = 0, manaApres = 2, handCount = 6, cible = Joueur 2, toGraveyard = False, turnNumber = 4 }
86	2026-03-01T14:25:45.1518292Z	Galvanisation	{ joueur = Joueur 1, handCount = 5, forceBonus = 5, forceAvant = 3, forceApres = 8, duree = jusqu'à fin du tour }
87	2026-03-01T14:25:45.1523359Z	PlayCard	{ joueur = Joueur 1, carte = Galvanisation, cardId = Galvanisation, handIndex = 2, manaApres = 1, handCount = 5, cible = Joueur 2, toGraveyard = True, turnNumber = 4 }
88	2026-03-01T14:26:06.4640162Z	StrikeReactionPhase	{ frappeur = Joueur 1, cible = Joueur 2, baseDamage = 1, casterForce = 8, runeStrikes = 2, damageTotal = 27, turnNumber = 4 }
89	2026-03-01T14:26:06.4676380Z	RapidPlayed	{ carte = Contre-attaque, cardId = ContreAttaque, joueur = Joueur 2, attaquant = Joueur 1, type = Contre-attaque }
90	2026-03-01T14:26:06.4686425Z	DamageApplied	{ cible = Joueur 1, source = Contre-attaque, baseDamage = 2, casterForce = 0, damageTotal = 2, toShield = 0, toPV = 2, pvAvant = 94, pvApres = 92, shieldAvant = 0, shieldApres = 0 }
91	2026-03-01T14:26:06.4696354Z	PlayRapid	{ joueur = Joueur 2, carte = Contre-attaque, cardId = ContreAttaque, type = Parade ou Contre-attaque, turnNumber = 4 }
92	2026-03-01T14:26:08.6401194Z	EndTurnRequested	{ joueur = Joueur 1, turnNumber = 4 }
93	2026-03-01T14:26:08.6453421Z	ShieldApplied	{ cible = Joueur 1, source = Rune essence arcanique, baseShield = 5, resistance = 0, amount = 5, shieldAvant = 0, shieldApres = 5 }
94	2026-03-01T14:26:08.6468484Z	ForceBonusExpired	{ joueur = Joueur 1, forceRetiree = 0, forceApres = 3, turnNumber = 4 }
95	2026-03-01T14:26:08.6483650Z	ShieldBuffExpired	{ carte = Armure psychique, cardId = ArmurePsychique, joueur = Joueur 1, bouclierRetire = 23 }
96	2026-03-01T14:26:08.6703990Z	EndTurn	{ joueur = Joueur 1, manaReserved = 1, pv = 92, shield = 0, handCount = 5, turnNumber = 4 }
97	2026-03-01T14:26:08.6923498Z	StartTurn	{ joueur = Joueur 2, turnNumber = 4, turnCount = 7, discarded = 2, deckKind = Guerrier }
98	2026-03-01T14:26:08.7120258Z	RuneEndurance	{ joueur = Joueur 2, pvAvant = 97, pvApres = 100, heal = 3, turnNumber = 4 }
99	2026-03-01T14:26:08.7319049Z	Draw	{ joueur = Joueur 2, requested = 5, drawn = 5, deckRemaining = 12, handCount = 5, mana = 3, turnNumber = 4 }
100	2026-03-01T14:26:08.7529038Z	ShieldApplied	{ cible = Joueur 2, source = Attaque tactique, baseShield = 1, resistance = 2, amount = 3, shieldAvant = 0, shieldApres = 3 }
101	2026-03-01T14:26:08.7534245Z	ReactionPhase	{ attaquant = Joueur 2, defenseur = Joueur 1, source = Attaque tactique, cardId = AttaqueTactique, turnNumber = 4 }
102	2026-03-01T14:26:08.7544342Z	PlayCard	{ joueur = Joueur 2, carte = Attaque tactique, cardId = AttaqueTactique, handIndex = 1, manaApres = 3, handCount = 4, cible = Joueur 1, toGraveyard = True, turnNumber = 4 }
103	2026-03-01T14:26:11.7517835Z	DamageApplied	{ cible = Joueur 1, source = Attaque tactique, baseDamage = 2, casterForce = 1, damageTotal = 3, toShield = 0, toPV = 3, pvAvant = 92, pvApres = 89, shieldAvant = 0, shieldApres = 0 }
104	2026-03-01T14:26:11.7517835Z	NoReaction	{ defenseur = Joueur 1, attaquant = Joueur 2, source = Attaque tactique, baseDamage = 2, casterForce = 1, turnNumber = 4 }
105	2026-03-01T14:26:11.7542945Z	AppuisSolide	{ joueur = Joueur 2, bonusDegatsArme = 1, duree = ce tour }
106	2026-03-01T14:26:11.7557052Z	PlayCard	{ joueur = Joueur 2, carte = Appuis solide, cardId = AppuisSolide, handIndex = 0, manaApres = 2, handCount = 3, cible = Joueur 1, toGraveyard = False, turnNumber = 4 }
107	2026-03-01T14:26:12.0561914Z	StrikeReactionPhase	{ frappeur = Joueur 2, cible = Joueur 1, baseDamage = 6, casterForce = 1, runeStrikes = 0, damageTotal = 7, turnNumber = 4 }
108	2026-03-01T14:26:15.0592344Z	DamageApplied	{ cible = Joueur 1, source = Frappe, baseDamage = 6, casterForce = 1, damageTotal = 7, toShield = 0, toPV = 7, pvAvant = 89, pvApres = 82, shieldAvant = 0, shieldApres = 0 }
109	2026-03-01T14:26:15.0602808Z	NoReaction	{ defenseur = Joueur 1, attaquant = Joueur 2, source = Frappe, baseDamage = 6, casterForce = 1, turnNumber = 4 }
110	2026-03-01T14:26:15.0612802Z	ShieldApplied	{ cible = Joueur 2, source = Défense lourde, baseShield = 10, resistance = 2, amount = 30, shieldAvant = 3, shieldApres = 33 }
111	2026-03-01T14:26:15.0628135Z	PlayCard	{ joueur = Joueur 2, carte = Défense lourde, cardId = DefenseLourde, handIndex = 2, manaApres = 1, handCount = 2, cible = Joueur 1, toGraveyard = True, turnNumber = 4 }
112	2026-03-01T14:26:15.3755312Z	ShieldApplied	{ cible = Joueur 2, source = Repositionnement, baseShield = 2, resistance = 2, amount = 6, shieldAvant = 33, shieldApres = 39 }
113	2026-03-01T14:26:15.3765379Z	Draw	{ joueur = Joueur 2, requested = 1, drawn = 1, deckRemaining = 11, handCount = 2 }
114	2026-03-01T14:26:15.3770484Z	PlayCard	{ joueur = Joueur 2, carte = Repositionnement, cardId = Repositionnement, handIndex = 0, manaApres = 1, handCount = 2, cible = Joueur 1, toGraveyard = True, turnNumber = 4 }
115	2026-03-01T14:26:15.6793204Z	ShieldApplied	{ cible = Joueur 2, source = Attaque tactique, baseShield = 1, resistance = 2, amount = 3, shieldAvant = 39, shieldApres = 42 }
116	2026-03-01T14:26:15.6803199Z	ReactionPhase	{ attaquant = Joueur 2, defenseur = Joueur 1, source = Attaque tactique, cardId = AttaqueTactique, turnNumber = 4 }
117	2026-03-01T14:26:15.6803199Z	PlayCard	{ joueur = Joueur 2, carte = Attaque tactique, cardId = AttaqueTactique, handIndex = 1, manaApres = 1, handCount = 1, cible = Joueur 1, toGraveyard = True, turnNumber = 4 }
118	2026-03-01T14:26:18.6855204Z	DamageApplied	{ cible = Joueur 1, source = Attaque tactique, baseDamage = 2, casterForce = 1, damageTotal = 3, toShield = 0, toPV = 3, pvAvant = 82, pvApres = 79, shieldAvant = 0, shieldApres = 0 }
119	2026-03-01T14:26:18.6855204Z	NoReaction	{ defenseur = Joueur 1, attaquant = Joueur 2, source = Attaque tactique, baseDamage = 2, casterForce = 1, turnNumber = 4 }
120	2026-03-01T14:26:18.6875484Z	ShieldApplied	{ cible = Joueur 2, source = Attaque tactique, baseShield = 1, resistance = 2, amount = 3, shieldAvant = 42, shieldApres = 45 }
121	2026-03-01T14:26:18.6875484Z	ReactionPhase	{ attaquant = Joueur 2, defenseur = Joueur 1, source = Attaque tactique, cardId = AttaqueTactique, turnNumber = 4 }
122	2026-03-01T14:26:18.6890547Z	PlayCard	{ joueur = Joueur 2, carte = Attaque tactique, cardId = AttaqueTactique, handIndex = 0, manaApres = 1, handCount = 0, cible = Joueur 1, toGraveyard = True, turnNumber = 4 }
123	2026-03-01T14:26:21.6910286Z	DamageApplied	{ cible = Joueur 1, source = Attaque tactique, baseDamage = 2, casterForce = 1, damageTotal = 3, toShield = 0, toPV = 3, pvAvant = 79, pvApres = 76, shieldAvant = 0, shieldApres = 0 }
124	2026-03-01T14:26:21.6910286Z	NoReaction	{ defenseur = Joueur 1, attaquant = Joueur 2, source = Attaque tactique, baseDamage = 2, casterForce = 1, turnNumber = 4 }
125	2026-03-01T14:26:21.6935434Z	EndTurnRequested	{ joueur = Joueur 2, turnNumber = 4 }
126	2026-03-01T14:26:22.0993453Z	EndTurn	{ joueur = Joueur 2, manaReserved = 1, pv = 100, shield = 45, handCount = 0, turnNumber = 4 }
127	2026-03-01T14:26:22.2045200Z	StartTurn	{ joueur = Joueur 1, turnNumber = 5, turnCount = 8, discarded = 5, deckKind = Magicien }
128	2026-03-01T14:26:22.4081741Z	Draw	{ joueur = Joueur 1, requested = 5, drawn = 5, deckRemaining = 5, handCount = 5, mana = 3, turnNumber = 5 }
129	2026-03-01T14:27:48.6843475Z	Draw	{ joueur = Joueur 1, requested = 2, drawn = 2, deckRemaining = 3, handCount = 6 }
130	2026-03-01T14:27:48.6857235Z	PlayCard	{ joueur = Joueur 1, carte = Divination, cardId = Divination, handIndex = 4, manaApres = 2, handCount = 6, cible = Joueur 2, toGraveyard = True, turnNumber = 5 }
131	2026-03-01T14:28:22.9332747Z	DivinationPutBack	{ joueur = Joueur 1, putBackIndex = 0, carteRemise = Défense +, cardId = DefensePlus, turnNumber = 5 }
132	2026-03-01T14:28:28.8781192Z	EndTurnRequested	{ joueur = Joueur 1, turnNumber = 5 }
133	2026-03-01T14:28:28.8801162Z	ShieldApplied	{ cible = Joueur 1, source = Rune essence arcanique, baseShield = 5, resistance = 0, amount = 5, shieldAvant = 0, shieldApres = 5 }
134	2026-03-01T14:28:28.8907793Z	EndTurn	{ joueur = Joueur 1, manaReserved = 2, pv = 76, shield = 5, handCount = 5, turnNumber = 5 }
135	2026-03-01T14:28:28.9034435Z	StartTurn	{ joueur = Joueur 2, turnNumber = 5, turnCount = 9, discarded = 0, deckKind = Guerrier }
136	2026-03-01T14:28:28.9146546Z	RuneEndurance	{ joueur = Joueur 2, pvAvant = 97, pvApres = 100, heal = 3, turnNumber = 5 }
137	2026-03-01T14:28:28.9254344Z	Draw	{ joueur = Joueur 2, requested = 5, drawn = 5, deckRemaining = 6, handCount = 5, mana = 3, turnNumber = 5 }
138	2026-03-01T14:28:28.9369276Z	ShieldApplied	{ cible = Joueur 2, source = Défense lourde, baseShield = 10, resistance = 2, amount = 30, shieldAvant = 0, shieldApres = 30 }
139	2026-03-01T14:28:28.9379274Z	PlayCard	{ joueur = Joueur 2, carte = Défense lourde, cardId = DefenseLourde, handIndex = 0, manaApres = 2, handCount = 4, cible = Joueur 1, toGraveyard = True, turnNumber = 5 }
140	2026-03-01T14:28:29.2441989Z	SouffleEternel	{ joueur = Joueur 2, pvAvant = 85, pvApres = 100, heal = 15, toGraveyard = False }
141	2026-03-01T14:28:29.2441989Z	PlayCard	{ joueur = Joueur 2, carte = Souffle éternel, cardId = SouffleEternel, handIndex = 1, manaApres = 2, handCount = 3, cible = Joueur 1, toGraveyard = False, turnNumber = 5 }
142	2026-03-01T14:28:29.5492604Z	ShieldApplied	{ cible = Joueur 2, source = Attaque légère, baseShield = 2, resistance = 2, amount = 6, shieldAvant = 30, shieldApres = 36 }
143	2026-03-01T14:28:29.5492604Z	ReactionPhase	{ attaquant = Joueur 2, defenseur = Joueur 1, source = Attaque légère, cardId = AttaqueLegere, turnNumber = 5 }
144	2026-03-01T14:28:29.5502614Z	PlayCard	{ joueur = Joueur 2, carte = Attaque légère, cardId = AttaqueLegere, handIndex = 0, manaApres = 1, handCount = 2, cible = Joueur 1, toGraveyard = True, turnNumber = 5 }
145	2026-03-01T14:28:32.5558079Z	DamageApplied	{ cible = Joueur 1, source = Attaque légère, baseDamage = 3, casterForce = 1, damageTotal = 4, toShield = 4, toPV = 0, pvAvant = 76, pvApres = 76, shieldAvant = 5, shieldApres = 1 }
146	2026-03-01T14:28:32.5558079Z	NoReaction	{ defenseur = Joueur 1, attaquant = Joueur 2, source = Attaque légère, baseDamage = 3, casterForce = 1, turnNumber = 5 }
147	2026-03-01T14:28:32.5574535Z	StrikeReactionPhase	{ frappeur = Joueur 2, cible = Joueur 1, baseDamage = 5, casterForce = 1, runeStrikes = 0, damageTotal = 6, turnNumber = 5 }
148	2026-03-01T14:28:35.5632784Z	DamageApplied	{ cible = Joueur 1, source = Frappe, baseDamage = 5, casterForce = 1, damageTotal = 6, toShield = 1, toPV = 5, pvAvant = 76, pvApres = 71, shieldAvant = 1, shieldApres = 0 }
149	2026-03-01T14:28:35.5647928Z	RuneAgressivite	{ joueur = Joueur 2, forceBonus = 1, duree = jusqu'à fin du tour }
150	2026-03-01T14:28:35.5647928Z	NoReaction	{ defenseur = Joueur 1, attaquant = Joueur 2, source = Frappe, baseDamage = 5, casterForce = 1, turnNumber = 5 }
151	2026-03-01T14:28:35.5683228Z	PositionOffensive	{ joueur = Joueur 2, forceAvant = 2, forceApres = 3, bonus = 1 }
152	2026-03-01T14:28:35.5683228Z	PlayCard	{ joueur = Joueur 2, carte = Position offensive, cardId = PositionOffensive, handIndex = 1, manaApres = 0, handCount = 1, cible = Joueur 1, toGraveyard = False, turnNumber = 5 }
153	2026-03-01T14:28:35.8659334Z	EndTurnRequested	{ joueur = Joueur 2, turnNumber = 5 }
154	2026-03-01T14:28:36.1679758Z	ForceBonusExpired	{ joueur = Joueur 2, forceRetiree = 0, forceApres = 2, turnNumber = 5 }
155	2026-03-01T14:28:36.2750365Z	EndTurn	{ joueur = Joueur 2, manaReserved = 0, pv = 100, shield = 36, handCount = 1, turnNumber = 5 }
156	2026-03-01T14:28:36.3795903Z	StartTurn	{ joueur = Joueur 1, turnNumber = 6, turnCount = 10, discarded = 5, deckKind = Magicien }
157	2026-03-01T14:28:36.4883056Z	Draw	{ joueur = Joueur 1, requested = 2, drawn = 2, deckRemaining = 2, handCount = 2 }
158	2026-03-01T14:28:36.5953983Z	DeckReshuffled	{ joueur = Joueur 1, cardsFromGraveyard = 23, deckSize = 23, turnNumber = 6 }
159	2026-03-01T14:28:36.5969409Z	Draw	{ joueur = Joueur 1, requested = 5, drawn = 5, deckRemaining = 20, handCount = 7, mana = 3, turnNumber = 6 }
160	2026-03-01T14:28:44.8278213Z	ReactionPhase	{ attaquant = Joueur 1, defenseur = Joueur 2, source = Attaque, cardId = Attaque, turnNumber = 6 }
161	2026-03-01T14:28:44.8278213Z	PlayCard	{ joueur = Joueur 1, carte = Attaque, cardId = Attaque, handIndex = 2, manaApres = 2, handCount = 6, cible = Joueur 2, toGraveyard = True, turnNumber = 6 }
162	2026-03-01T14:28:44.8344049Z	DamageApplied	{ cible = Joueur 2, source = Attaque, baseDamage = 5, casterForce = 3, damageTotal = 8, toShield = 8, toPV = 0, pvAvant = 100, pvApres = 100, shieldAvant = 36, shieldApres = 28 }
163	2026-03-01T14:28:44.8344049Z	DamageApplied	{ cible = Joueur 2, source = Rune de force arcanique, baseDamage = 1, casterForce = 3, damageTotal = 4, toShield = 4, toPV = 0, pvAvant = 100, pvApres = 100, shieldAvant = 28, shieldApres = 24 }
164	2026-03-01T14:28:44.8354065Z	DamageApplied	{ cible = Joueur 2, source = Rune de force arcanique, baseDamage = 1, casterForce = 3, damageTotal = 4, toShield = 4, toPV = 0, pvAvant = 100, pvApres = 100, shieldAvant = 24, shieldApres = 20 }
165	2026-03-01T14:28:44.8354065Z	NoReaction	{ defenseur = Joueur 2, attaquant = Joueur 1, source = Attaque, baseDamage = 5, casterForce = 3, turnNumber = 6 }
166	2026-03-01T14:28:49.7289112Z	ShieldApplied	{ cible = Joueur 1, source = Défense +, baseShield = 15, resistance = 0, amount = 15, shieldAvant = 0, shieldApres = 15 }
167	2026-03-01T14:28:49.7300040Z	PlayCard	{ joueur = Joueur 1, carte = Défense +, cardId = DefensePlus, handIndex = 4, manaApres = 0, handCount = 5, cible = Joueur 2, toGraveyard = True, turnNumber = 6 }
168	2026-03-01T14:28:52.9319757Z	EndTurnRequested	{ joueur = Joueur 1, turnNumber = 6 }
169	2026-03-01T14:28:52.9355829Z	ShieldApplied	{ cible = Joueur 1, source = Rune essence arcanique, baseShield = 5, resistance = 0, amount = 5, shieldAvant = 15, shieldApres = 20 }
170	2026-03-01T14:28:52.9461413Z	EndTurn	{ joueur = Joueur 1, manaReserved = 0, pv = 71, shield = 20, handCount = 5, turnNumber = 6 }
171	2026-03-01T14:28:52.9582183Z	StartTurn	{ joueur = Joueur 2, turnNumber = 6, turnCount = 11, discarded = 1, deckKind = Guerrier }
172	2026-03-01T14:28:52.9703790Z	RuneEndurance	{ joueur = Joueur 2, pvAvant = 97, pvApres = 100, heal = 3, turnNumber = 6 }
173	2026-03-01T14:28:52.9822340Z	Draw	{ joueur = Joueur 2, requested = 5, drawn = 5, deckRemaining = 1, handCount = 5, mana = 3, turnNumber = 6 }
174	2026-03-01T14:28:52.9937782Z	StrikeReactionPhase	{ frappeur = Joueur 2, cible = Joueur 1, baseDamage = 5, casterForce = 2, runeStrikes = 0, damageTotal = 7, turnNumber = 6 }
175	2026-03-01T14:28:55.9935100Z	DamageApplied	{ cible = Joueur 1, source = Frappe, baseDamage = 5, casterForce = 2, damageTotal = 7, toShield = 7, toPV = 0, pvAvant = 71, pvApres = 71, shieldAvant = 20, shieldApres = 13 }
176	2026-03-01T14:28:55.9949557Z	RuneAgressivite	{ joueur = Joueur 2, forceBonus = 1, duree = jusqu'à fin du tour }
177	2026-03-01T14:28:55.9959632Z	NoReaction	{ defenseur = Joueur 1, attaquant = Joueur 2, source = Frappe, baseDamage = 5, casterForce = 2, turnNumber = 6 }
178	2026-03-01T14:28:55.9974710Z	DamageApplied	{ cible = Joueur 1, source = Guillotine, baseDamage = 5, casterForce = 6, damageTotal = 11, toShield = 11, toPV = 0, pvAvant = 71, pvApres = 71, shieldAvant = 13, shieldApres = 2 }
179	2026-03-01T14:28:55.9984802Z	PlayCard	{ joueur = Joueur 2, carte = Guillotine, cardId = Guillotine, handIndex = 1, manaApres = 2, handCount = 4, cible = Joueur 1, toGraveyard = True, turnNumber = 6 }
180	2026-03-01T14:28:56.2961413Z	ForceBonusExpired	{ joueur = Joueur 2, forceRetiree = 0, forceApres = 2, turnNumber = 6 }
181	2026-03-01T14:28:56.4071570Z	EndTurn	{ joueur = Joueur 2, manaReserved = 2, pv = 100, shield = 0, handCount = 4, turnNumber = 6 }
182	2026-03-01T14:28:56.5163786Z	StartTurn	{ joueur = Joueur 1, turnNumber = 7, turnCount = 12, discarded = 5, deckKind = Magicien }
183	2026-03-01T14:28:56.6175695Z	Draw	{ joueur = Joueur 1, requested = 2, drawn = 2, deckRemaining = 18, handCount = 2 }
184	2026-03-01T14:28:56.7249105Z	Draw	{ joueur = Joueur 1, requested = 5, drawn = 5, deckRemaining = 13, handCount = 7, mana = 3, turnNumber = 7 }
185	2026-03-01T14:29:14.2793182Z	Galvanisation	{ joueur = Joueur 1, handCount = 6, forceBonus = 6, forceAvant = 3, forceApres = 9, duree = jusqu'à fin du tour }
186	2026-03-01T14:29:14.2793182Z	PlayCard	{ joueur = Joueur 1, carte = Galvanisation, cardId = Galvanisation, handIndex = 0, manaApres = 2, handCount = 6, cible = Joueur 2, toGraveyard = True, turnNumber = 7 }
187	2026-03-01T14:29:16.6704140Z	ReactionPhase	{ attaquant = Joueur 1, defenseur = Joueur 2, source = Attaque, cardId = Attaque, turnNumber = 7 }
188	2026-03-01T14:29:16.6715035Z	PlayCard	{ joueur = Joueur 1, carte = Attaque, cardId = Attaque, handIndex = 4, manaApres = 1, handCount = 5, cible = Joueur 2, toGraveyard = True, turnNumber = 7 }
189	2026-03-01T14:29:16.6768165Z	DamageApplied	{ cible = Joueur 2, source = Attaque, baseDamage = 5, casterForce = 9, damageTotal = 14, toShield = 0, toPV = 14, pvAvant = 100, pvApres = 86, shieldAvant = 0, shieldApres = 0 }
190	2026-03-01T14:29:16.6768165Z	DamageApplied	{ cible = Joueur 2, source = Rune de force arcanique, baseDamage = 1, casterForce = 9, damageTotal = 10, toShield = 0, toPV = 10, pvAvant = 86, pvApres = 76, shieldAvant = 0, shieldApres = 0 }
191	2026-03-01T14:29:16.6778159Z	DamageApplied	{ cible = Joueur 2, source = Rune de force arcanique, baseDamage = 1, casterForce = 9, damageTotal = 10, toShield = 0, toPV = 10, pvAvant = 76, pvApres = 66, shieldAvant = 0, shieldApres = 0 }
192	2026-03-01T14:29:16.6778159Z	NoReaction	{ defenseur = Joueur 2, attaquant = Joueur 1, source = Attaque, baseDamage = 5, casterForce = 9, turnNumber = 7 }
193	2026-03-01T14:29:22.3802863Z	ShieldApplied	{ cible = Joueur 1, source = Défense, baseShield = 4, resistance = 0, amount = 4, shieldAvant = 0, shieldApres = 4 }
194	2026-03-01T14:29:22.3813907Z	PlayCard	{ joueur = Joueur 1, carte = Défense, cardId = Defense, handIndex = 4, manaApres = 0, handCount = 4, cible = Joueur 2, toGraveyard = True, turnNumber = 7 }
195	2026-03-01T14:29:23.7309394Z	StrikeReactionPhase	{ frappeur = Joueur 1, cible = Joueur 2, baseDamage = 1, casterForce = 9, runeStrikes = 2, damageTotal = 30, turnNumber = 7 }
196	2026-03-01T14:29:23.7337336Z	DamageApplied	{ cible = Joueur 2, source = Frappe, baseDamage = 1, casterForce = 9, damageTotal = 10, toShield = 0, toPV = 10, pvAvant = 66, pvApres = 56, shieldAvant = 0, shieldApres = 0 }
197	2026-03-01T14:29:23.7347425Z	DamageApplied	{ cible = Joueur 2, source = Rune de force arcanique, baseDamage = 1, casterForce = 9, damageTotal = 10, toShield = 0, toPV = 10, pvAvant = 56, pvApres = 46, shieldAvant = 0, shieldApres = 0 }
198	2026-03-01T14:29:23.7347425Z	DamageApplied	{ cible = Joueur 2, source = Rune de force arcanique, baseDamage = 1, casterForce = 9, damageTotal = 10, toShield = 0, toPV = 10, pvAvant = 46, pvApres = 36, shieldAvant = 0, shieldApres = 0 }
199	2026-03-01T14:29:23.7357413Z	ShieldApplied	{ cible = Joueur 1, source = Catalyseur arcanique restreint, baseShield = 1, resistance = 0, amount = 1, shieldAvant = 4, shieldApres = 5 }
200	2026-03-01T14:29:23.7362466Z	NoReaction	{ defenseur = Joueur 2, attaquant = Joueur 1, source = Frappe, baseDamage = 1, casterForce = 9, turnNumber = 7 }
201	2026-03-01T14:29:24.6747249Z	EndTurnRequested	{ joueur = Joueur 1, turnNumber = 7 }
202	2026-03-01T14:29:24.6780197Z	ShieldApplied	{ cible = Joueur 1, source = Rune essence arcanique, baseShield = 5, resistance = 0, amount = 5, shieldAvant = 5, shieldApres = 10 }
203	2026-03-01T14:29:24.6780197Z	ForceBonusExpired	{ joueur = Joueur 1, forceRetiree = 0, forceApres = 3, turnNumber = 7 }
204	2026-03-01T14:29:24.6892146Z	EndTurn	{ joueur = Joueur 1, manaReserved = 0, pv = 71, shield = 10, handCount = 4, turnNumber = 7 }
205	2026-03-01T14:29:24.7018142Z	StartTurn	{ joueur = Joueur 2, turnNumber = 7, turnCount = 13, discarded = 4, deckKind = Guerrier }
206	2026-03-01T14:29:24.7131642Z	RuneEndurance	{ joueur = Joueur 2, pvAvant = 36, pvApres = 39, heal = 3, turnNumber = 7 }
207	2026-03-01T14:29:24.7242909Z	DeckReshuffled	{ joueur = Joueur 2, cardsFromGraveyard = 23, deckSize = 23, turnNumber = 7 }
208	2026-03-01T14:29:24.7252860Z	Draw	{ joueur = Joueur 2, requested = 5, drawn = 5, deckRemaining = 19, handCount = 5, mana = 3, turnNumber = 7 }
209	2026-03-01T14:29:24.7383187Z	PositionDefensive	{ joueur = Joueur 2, resistanceAvant = 2, resistanceApres = 3, bonus = 1 }
210	2026-03-01T14:29:24.7393755Z	PlayCard	{ joueur = Joueur 2, carte = Position défensive, cardId = PositionDefensive, handIndex = 0, manaApres = 2, handCount = 4, cible = Joueur 1, toGraveyard = False, turnNumber = 7 }
211	2026-03-01T14:29:25.0402519Z	ShieldApplied	{ cible = Joueur 2, source = Attaque légère, baseShield = 2, resistance = 3, amount = 8, shieldAvant = 0, shieldApres = 8 }
212	2026-03-01T14:29:25.0407582Z	ReactionPhase	{ attaquant = Joueur 2, defenseur = Joueur 1, source = Attaque légère, cardId = AttaqueLegere, turnNumber = 7 }
213	2026-03-01T14:29:25.0417682Z	PlayCard	{ joueur = Joueur 2, carte = Attaque légère, cardId = AttaqueLegere, handIndex = 1, manaApres = 1, handCount = 3, cible = Joueur 1, toGraveyard = True, turnNumber = 7 }
214	2026-03-01T14:29:28.0406248Z	DamageApplied	{ cible = Joueur 1, source = Attaque légère, baseDamage = 3, casterForce = 2, damageTotal = 5, toShield = 5, toPV = 0, pvAvant = 71, pvApres = 71, shieldAvant = 10, shieldApres = 5 }
215	2026-03-01T14:29:28.0406248Z	NoReaction	{ defenseur = Joueur 1, attaquant = Joueur 2, source = Attaque légère, baseDamage = 3, casterForce = 2, turnNumber = 7 }
216	2026-03-01T14:29:28.0431343Z	ShieldApplied	{ cible = Joueur 2, source = Attaque légère, baseShield = 2, resistance = 3, amount = 8, shieldAvant = 8, shieldApres = 16 }
217	2026-03-01T14:29:28.0441451Z	ReactionPhase	{ attaquant = Joueur 2, defenseur = Joueur 1, source = Attaque légère, cardId = AttaqueLegere, turnNumber = 7 }
218	2026-03-01T14:29:28.0446494Z	PlayCard	{ joueur = Joueur 2, carte = Attaque légère, cardId = AttaqueLegere, handIndex = 1, manaApres = 0, handCount = 2, cible = Joueur 1, toGraveyard = True, turnNumber = 7 }
219	2026-03-01T14:29:31.0416017Z	DamageApplied	{ cible = Joueur 1, source = Attaque légère, baseDamage = 3, casterForce = 2, damageTotal = 5, toShield = 5, toPV = 0, pvAvant = 71, pvApres = 71, shieldAvant = 5, shieldApres = 0 }
220	2026-03-01T14:29:31.0416017Z	NoReaction	{ defenseur = Joueur 1, attaquant = Joueur 2, source = Attaque légère, baseDamage = 3, casterForce = 2, turnNumber = 7 }
221	2026-03-01T14:29:31.0446669Z	StrikeReactionPhase	{ frappeur = Joueur 2, cible = Joueur 1, baseDamage = 5, casterForce = 2, runeStrikes = 0, damageTotal = 7, turnNumber = 7 }
222	2026-03-01T14:29:34.0433459Z	DamageApplied	{ cible = Joueur 1, source = Frappe, baseDamage = 5, casterForce = 2, damageTotal = 7, toShield = 0, toPV = 7, pvAvant = 71, pvApres = 64, shieldAvant = 0, shieldApres = 0 }
223	2026-03-01T14:29:34.0438685Z	RuneAgressivite	{ joueur = Joueur 2, forceBonus = 1, duree = jusqu'à fin du tour }
224	2026-03-01T14:29:34.0443884Z	NoReaction	{ defenseur = Joueur 1, attaquant = Joueur 2, source = Frappe, baseDamage = 5, casterForce = 2, turnNumber = 7 }
225	2026-03-01T14:29:34.0470398Z	ShieldApplied	{ cible = Joueur 2, source = Repositionnement, baseShield = 2, resistance = 3, amount = 8, shieldAvant = 16, shieldApres = 24 }
226	2026-03-01T14:29:34.0470398Z	Draw	{ joueur = Joueur 2, requested = 1, drawn = 1, deckRemaining = 18, handCount = 2 }
227	2026-03-01T14:29:34.0470398Z	PlayCard	{ joueur = Joueur 2, carte = Repositionnement, cardId = Repositionnement, handIndex = 1, manaApres = 0, handCount = 2, cible = Joueur 1, toGraveyard = True, turnNumber = 7 }
228	2026-03-01T14:29:34.3459946Z	EndTurnRequested	{ joueur = Joueur 2, turnNumber = 7 }
229	2026-03-01T14:29:34.6544118Z	ForceBonusExpired	{ joueur = Joueur 2, forceRetiree = 0, forceApres = 2, turnNumber = 7 }
230	2026-03-01T14:29:34.7575498Z	EndTurn	{ joueur = Joueur 2, manaReserved = 0, pv = 39, shield = 24, handCount = 2, turnNumber = 7 }
231	2026-03-01T14:29:34.8609349Z	StartTurn	{ joueur = Joueur 1, turnNumber = 8, turnCount = 14, discarded = 4, deckKind = Magicien }
232	2026-03-01T14:29:34.9653920Z	Draw	{ joueur = Joueur 1, requested = 2, drawn = 2, deckRemaining = 11, handCount = 2 }
233	2026-03-01T14:29:35.0649166Z	Draw	{ joueur = Joueur 1, requested = 5, drawn = 5, deckRemaining = 6, handCount = 7, mana = 3, turnNumber = 8 }
234	2026-03-01T14:29:44.8122258Z	ShieldApplied	{ cible = Joueur 1, source = Armure psychique, baseShield = 23, resistance = 0, amount = 23, shieldAvant = 0, shieldApres = 23 }
235	2026-03-01T14:29:44.8133588Z	ArmurePsychique	{ joueur = Joueur 1, shieldAvant = 0, shieldApres = 23, amount = 23, dureeTours = 2 }
236	2026-03-01T14:29:44.8133588Z	PassifMagicien	{ joueur = Joueur 1, ephemeralConsumedThisRound = 1, manaRecovered = 1, manaAvant = 0, manaApres = 1, turnNumber = 8 }
237	2026-03-01T14:29:44.8143650Z	PlayCard	{ joueur = Joueur 1, carte = Armure psychique, cardId = ArmurePsychique, handIndex = 4, manaApres = 1, handCount = 6, cible = Joueur 2, toGraveyard = False, turnNumber = 8 }
238	2026-03-01T14:29:48.1071217Z	GlaceLocalisee	{ lanceur = Joueur 1, cible = Joueur 2, equipementGele = Hache de l'oublié, cardId = HacheOublie, duree = 2 tours du joueur propriétaire }
239	2026-03-01T14:29:48.1081215Z	PassifMagicien	{ joueur = Joueur 1, ephemeralConsumedThisRound = 2, manaRecovered = 1, manaAvant = 0, manaApres = 1, turnNumber = 8 }
240	2026-03-01T14:29:48.1091389Z	PlayCard	{ joueur = Joueur 1, carte = Glace localisée, cardId = GlaceLocalisee, handIndex = 4, manaApres = 1, handCount = 5, cible = Joueur 2, toGraveyard = False, turnNumber = 8 }
241	2026-03-01T14:29:49.9347054Z	StrikeReactionPhase	{ frappeur = Joueur 1, cible = Joueur 2, baseDamage = 1, casterForce = 3, runeStrikes = 2, damageTotal = 12, turnNumber = 8 }
242	2026-03-01T14:29:49.9377131Z	RapidPlayed	{ carte = Contre-attaque, cardId = ContreAttaque, joueur = Joueur 2, attaquant = Joueur 1, type = Contre-attaque }
243	2026-03-01T14:29:49.9383323Z	DamageApplied	{ cible = Joueur 1, source = Contre-attaque, baseDamage = 2, casterForce = 0, damageTotal = 2, toShield = 2, toPV = 0, pvAvant = 64, pvApres = 64, shieldAvant = 23, shieldApres = 21 }
244	2026-03-01T14:29:49.9393347Z	PlayRapid	{ joueur = Joueur 2, carte = Contre-attaque, cardId = ContreAttaque, type = Parade ou Contre-attaque, turnNumber = 8 }
245	2026-03-01T14:29:51.0449976Z	EndTurnRequested	{ joueur = Joueur 1, turnNumber = 8 }
246	2026-03-01T14:29:51.0470070Z	ShieldApplied	{ cible = Joueur 1, source = Rune essence arcanique, baseShield = 5, resistance = 0, amount = 5, shieldAvant = 21, shieldApres = 26 }
247	2026-03-01T14:29:51.0586955Z	EndTurn	{ joueur = Joueur 1, manaReserved = 1, pv = 64, shield = 26, handCount = 5, turnNumber = 8 }
248	2026-03-01T14:29:51.0734641Z	StartTurn	{ joueur = Joueur 2, turnNumber = 8, turnCount = 15, discarded = 1, deckKind = Guerrier }
249	2026-03-01T14:29:51.0860684Z	RuneEndurance	{ joueur = Joueur 2, pvAvant = 39, pvApres = 42, heal = 3, turnNumber = 8 }
250	2026-03-01T14:29:51.0999454Z	Draw	{ joueur = Joueur 2, requested = 5, drawn = 5, deckRemaining = 13, handCount = 5, mana = 3, turnNumber = 8 }
251	2026-03-01T14:29:51.1148474Z	DisciplineEternel	{ joueur = Joueur 2, effet = Invincible jusqu'au prochain tour }
252	2026-03-01T14:29:51.1148474Z	PlayCard	{ joueur = Joueur 2, carte = Discipline éternel, cardId = DisciplineEternel, handIndex = 2, manaApres = 0, handCount = 4, cible = Joueur 1, toGraveyard = True, turnNumber = 8 }
253	2026-03-01T14:29:51.4200525Z	EndTurnRequested	{ joueur = Joueur 2, turnNumber = 8 }
254	2026-03-01T14:29:51.8356427Z	EndTurn	{ joueur = Joueur 2, manaReserved = 0, pv = 42, shield = 0, handCount = 4, turnNumber = 8 }
255	2026-03-01T14:29:51.9383165Z	StartTurn	{ joueur = Joueur 1, turnNumber = 9, turnCount = 16, discarded = 5, deckKind = Magicien }
256	2026-03-01T14:29:52.0495751Z	Draw	{ joueur = Joueur 1, requested = 2, drawn = 2, deckRemaining = 4, handCount = 2 }
257	2026-03-01T14:29:52.1518348Z	DeckReshuffled	{ joueur = Joueur 1, cardsFromGraveyard = 19, deckSize = 19, turnNumber = 9 }
258	2026-03-01T14:29:52.1518348Z	Draw	{ joueur = Joueur 1, requested = 5, drawn = 5, deckRemaining = 18, handCount = 7, mana = 3, turnNumber = 9 }
259	2026-03-01T14:29:58.3232492Z	Galvanisation	{ joueur = Joueur 1, handCount = 6, forceBonus = 6, forceAvant = 3, forceApres = 9, duree = jusqu'à fin du tour }
260	2026-03-01T14:29:58.3237675Z	PlayCard	{ joueur = Joueur 1, carte = Galvanisation, cardId = Galvanisation, handIndex = 6, manaApres = 2, handCount = 6, cible = Joueur 2, toGraveyard = True, turnNumber = 9 }
261	2026-03-01T14:30:00.0066417Z	ReactionPhase	{ attaquant = Joueur 1, defenseur = Joueur 2, source = Attaque +, cardId = AttaquePlus, turnNumber = 9 }
262	2026-03-01T14:30:00.0086277Z	PlayCard	{ joueur = Joueur 1, carte = Attaque +, cardId = AttaquePlus, handIndex = 4, manaApres = 0, handCount = 5, cible = Joueur 2, toGraveyard = True, turnNumber = 9 }
263	2026-03-01T14:30:00.0135157Z	DamageBlocked	{ cible = Joueur 2, source = Attaque +, reason = Invincible, targetPV = 42, targetShield = 0 }
264	2026-03-01T14:30:00.0150450Z	DamageBlocked	{ cible = Joueur 2, source = Rune de force arcanique, reason = Invincible, targetPV = 42, targetShield = 0 }
265	2026-03-01T14:30:00.0156015Z	DamageBlocked	{ cible = Joueur 2, source = Rune de force arcanique, reason = Invincible, targetPV = 42, targetShield = 0 }
266	2026-03-01T14:30:00.0166721Z	NoReaction	{ defenseur = Joueur 2, attaquant = Joueur 1, source = Attaque +, baseDamage = 9, casterForce = 9, turnNumber = 9 }
267	2026-03-01T14:30:03.0959581Z	StrikeReactionPhase	{ frappeur = Joueur 1, cible = Joueur 2, baseDamage = 1, casterForce = 9, runeStrikes = 2, damageTotal = 30, turnNumber = 9 }
268	2026-03-01T14:30:03.1020041Z	DamageBlocked	{ cible = Joueur 2, source = Frappe, reason = Invincible, targetPV = 42, targetShield = 0 }
269	2026-03-01T14:30:03.1020041Z	DamageBlocked	{ cible = Joueur 2, source = Rune de force arcanique, reason = Invincible, targetPV = 42, targetShield = 0 }
270	2026-03-01T14:30:03.1035137Z	DamageBlocked	{ cible = Joueur 2, source = Rune de force arcanique, reason = Invincible, targetPV = 42, targetShield = 0 }
271	2026-03-01T14:30:03.1040404Z	ShieldApplied	{ cible = Joueur 1, source = Catalyseur arcanique restreint, baseShield = 1, resistance = 0, amount = 1, shieldAvant = 0, shieldApres = 1 }
272	2026-03-01T14:30:03.1050496Z	NoReaction	{ defenseur = Joueur 2, attaquant = Joueur 1, source = Frappe, baseDamage = 1, casterForce = 9, turnNumber = 9 }
273	2026-03-01T14:30:03.9309273Z	EndTurnRequested	{ joueur = Joueur 1, turnNumber = 9 }
274	2026-03-01T14:30:03.9334925Z	ShieldApplied	{ cible = Joueur 1, source = Rune essence arcanique, baseShield = 5, resistance = 0, amount = 5, shieldAvant = 1, shieldApres = 6 }
275	2026-03-01T14:30:03.9350441Z	ForceBonusExpired	{ joueur = Joueur 1, forceRetiree = 0, forceApres = 3, turnNumber = 9 }
276	2026-03-01T14:30:03.9350441Z	ShieldBuffExpired	{ carte = Armure psychique, cardId = ArmurePsychique, joueur = Joueur 1, bouclierRetire = 23 }
277	2026-03-01T14:30:03.9479354Z	EndTurn	{ joueur = Joueur 1, manaReserved = 0, pv = 64, shield = 0, handCount = 5, turnNumber = 9 }
278	2026-03-01T14:30:03.9631059Z	EquipmentUnfrozen	{ joueur = Joueur 2, equipement = Hache de l'oublié, cardId = HacheOublie, reason = 2 tours du joueur écoulés, turnNumber = 9 }
279	2026-03-01T14:30:03.9641136Z	StartTurn	{ joueur = Joueur 2, turnNumber = 9, turnCount = 17, discarded = 4, deckKind = Guerrier }
280	2026-03-01T14:30:03.9772941Z	RuneEndurance	{ joueur = Joueur 2, pvAvant = 42, pvApres = 45, heal = 3, turnNumber = 9 }
281	2026-03-01T14:30:03.9919175Z	Draw	{ joueur = Joueur 2, requested = 5, drawn = 5, deckRemaining = 8, handCount = 5, mana = 3, turnNumber = 9 }
282	2026-03-01T14:30:04.0069560Z	ShieldApplied	{ cible = Joueur 2, source = Attaque tactique, baseShield = 1, resistance = 3, amount = 4, shieldAvant = 0, shieldApres = 4 }
283	2026-03-01T14:30:04.0079646Z	ReactionPhase	{ attaquant = Joueur 2, defenseur = Joueur 1, source = Attaque tactique, cardId = AttaqueTactique, turnNumber = 9 }
284	2026-03-01T14:30:04.0079646Z	PlayCard	{ joueur = Joueur 2, carte = Attaque tactique, cardId = AttaqueTactique, handIndex = 0, manaApres = 3, handCount = 4, cible = Joueur 1, toGraveyard = True, turnNumber = 9 }
285	2026-03-01T14:30:07.0107430Z	DamageApplied	{ cible = Joueur 1, source = Attaque tactique, baseDamage = 2, casterForce = 2, damageTotal = 4, toShield = 0, toPV = 4, pvAvant = 64, pvApres = 60, shieldAvant = 0, shieldApres = 0 }
286	2026-03-01T14:30:07.0107430Z	NoReaction	{ defenseur = Joueur 1, attaquant = Joueur 2, source = Attaque tactique, baseDamage = 2, casterForce = 2, turnNumber = 9 }
287	2026-03-01T14:30:07.0135907Z	StrikeReactionPhase	{ frappeur = Joueur 2, cible = Joueur 1, baseDamage = 5, casterForce = 2, runeStrikes = 0, damageTotal = 7, turnNumber = 9 }
288	2026-03-01T14:30:10.0189241Z	DamageApplied	{ cible = Joueur 1, source = Frappe, baseDamage = 5, casterForce = 2, damageTotal = 7, toShield = 0, toPV = 7, pvAvant = 60, pvApres = 53, shieldAvant = 0, shieldApres = 0 }
289	2026-03-01T14:30:10.0189241Z	RuneAgressivite	{ joueur = Joueur 2, forceBonus = 1, duree = jusqu'à fin du tour }
290	2026-03-01T14:30:10.0199263Z	NoReaction	{ defenseur = Joueur 1, attaquant = Joueur 2, source = Frappe, baseDamage = 5, casterForce = 2, turnNumber = 9 }
291	2026-03-01T14:30:10.0224524Z	PositionOffensive	{ joueur = Joueur 2, forceAvant = 3, forceApres = 4, bonus = 1 }
292	2026-03-01T14:30:10.0234914Z	PlayCard	{ joueur = Joueur 2, carte = Position offensive, cardId = PositionOffensive, handIndex = 2, manaApres = 2, handCount = 3, cible = Joueur 1, toGraveyard = False, turnNumber = 9 }
293	2026-03-01T14:30:10.3282916Z	ShieldApplied	{ cible = Joueur 2, source = Repositionnement, baseShield = 2, resistance = 3, amount = 8, shieldAvant = 4, shieldApres = 12 }
294	2026-03-01T14:30:10.3282916Z	Draw	{ joueur = Joueur 2, requested = 1, drawn = 1, deckRemaining = 7, handCount = 3 }
295	2026-03-01T14:30:10.3298002Z	PlayCard	{ joueur = Joueur 2, carte = Repositionnement, cardId = Repositionnement, handIndex = 2, manaApres = 2, handCount = 3, cible = Joueur 1, toGraveyard = True, turnNumber = 9 }
296	2026-03-01T14:30:10.6535987Z	ShieldApplied	{ cible = Joueur 2, source = Attaque lourde, baseShield = 4, resistance = 3, amount = 16, shieldAvant = 12, shieldApres = 28 }
297	2026-03-01T14:30:10.6541049Z	ReactionPhase	{ attaquant = Joueur 2, defenseur = Joueur 1, source = Attaque lourde, cardId = AttaqueLourde, turnNumber = 9 }
298	2026-03-01T14:30:10.6546581Z	PlayCard	{ joueur = Joueur 2, carte = Attaque lourde, cardId = AttaqueLourde, handIndex = 2, manaApres = 0, handCount = 2, cible = Joueur 1, toGraveyard = True, turnNumber = 9 }
299	2026-03-01T14:30:13.6570618Z	DamageApplied	{ cible = Joueur 1, source = Attaque lourde, baseDamage = 7, casterForce = 4, damageTotal = 11, toShield = 0, toPV = 11, pvAvant = 53, pvApres = 42, shieldAvant = 0, shieldApres = 0 }
300	2026-03-01T14:30:13.6570618Z	NoReaction	{ defenseur = Joueur 1, attaquant = Joueur 2, source = Attaque lourde, baseDamage = 7, casterForce = 4, turnNumber = 9 }
301	2026-03-01T14:30:13.6590898Z	EndTurnRequested	{ joueur = Joueur 2, turnNumber = 9 }
302	2026-03-01T14:30:13.9632612Z	ForceBonusExpired	{ joueur = Joueur 2, forceRetiree = 0, forceApres = 3, turnNumber = 9 }
303	2026-03-01T14:30:14.0642742Z	EndTurn	{ joueur = Joueur 2, manaReserved = 0, pv = 45, shield = 28, handCount = 2, turnNumber = 9 }
304	2026-03-01T14:30:14.1714187Z	StartTurn	{ joueur = Joueur 1, turnNumber = 10, turnCount = 18, discarded = 5, deckKind = Magicien }
305	2026-03-01T14:30:14.2757866Z	Draw	{ joueur = Joueur 1, requested = 2, drawn = 2, deckRemaining = 16, handCount = 2 }
306	2026-03-01T14:30:14.3814911Z	Draw	{ joueur = Joueur 1, requested = 5, drawn = 5, deckRemaining = 11, handCount = 7, mana = 3, turnNumber = 10 }
307	2026-03-01T14:30:35.8786978Z	Draw	{ joueur = Joueur 1, requested = 2, drawn = 2, deckRemaining = 9, handCount = 8 }
308	2026-03-01T14:30:35.8786978Z	PlayCard	{ joueur = Joueur 1, carte = Divination, cardId = Divination, handIndex = 3, manaApres = 2, handCount = 8, cible = Joueur 2, toGraveyard = True, turnNumber = 10 }
309	2026-03-01T14:30:38.2735678Z	DivinationPutBack	{ joueur = Joueur 1, putBackIndex = 0, carteRemise = Explosion de magie éphémère, cardId = ExplosionMagieEphemere, turnNumber = 10 }
310	2026-03-01T14:30:47.6159995Z	ShieldApplied	{ cible = Joueur 1, source = Défense, baseShield = 4, resistance = 0, amount = 4, shieldAvant = 0, shieldApres = 4 }
311	2026-03-01T14:30:47.6170104Z	PlayCard	{ joueur = Joueur 1, carte = Défense, cardId = Defense, handIndex = 5, manaApres = 1, handCount = 6, cible = Joueur 2, toGraveyard = True, turnNumber = 10 }
312	2026-03-01T14:30:48.6452538Z	ShieldApplied	{ cible = Joueur 1, source = Défense, baseShield = 4, resistance = 0, amount = 4, shieldAvant = 4, shieldApres = 8 }
313	2026-03-01T14:30:48.6465428Z	PlayCard	{ joueur = Joueur 1, carte = Défense, cardId = Defense, handIndex = 4, manaApres = 0, handCount = 5, cible = Joueur 2, toGraveyard = True, turnNumber = 10 }
314	2026-03-01T14:30:50.6487926Z	EndTurnRequested	{ joueur = Joueur 1, turnNumber = 10 }
315	2026-03-01T14:30:50.6515880Z	ShieldApplied	{ cible = Joueur 1, source = Rune essence arcanique, baseShield = 5, resistance = 0, amount = 5, shieldAvant = 8, shieldApres = 13 }
316	2026-03-01T14:30:50.6617941Z	EndTurn	{ joueur = Joueur 1, manaReserved = 0, pv = 42, shield = 13, handCount = 5, turnNumber = 10 }
317	2026-03-01T14:30:50.6764834Z	StartTurn	{ joueur = Joueur 2, turnNumber = 10, turnCount = 19, discarded = 2, deckKind = Guerrier }
318	2026-03-01T14:30:50.6896848Z	RuneEndurance	{ joueur = Joueur 2, pvAvant = 45, pvApres = 48, heal = 3, turnNumber = 10 }
319	2026-03-01T14:30:50.7033411Z	Draw	{ joueur = Joueur 2, requested = 5, drawn = 5, deckRemaining = 2, handCount = 5, mana = 3, turnNumber = 10 }
320	2026-03-01T14:30:50.7169993Z	ShieldApplied	{ cible = Joueur 2, source = Attaque tactique, baseShield = 1, resistance = 3, amount = 4, shieldAvant = 0, shieldApres = 4 }
321	2026-03-01T14:30:50.7176261Z	ReactionPhase	{ attaquant = Joueur 2, defenseur = Joueur 1, source = Attaque tactique, cardId = AttaqueTactique, turnNumber = 10 }
322	2026-03-01T14:30:50.7181564Z	PlayCard	{ joueur = Joueur 2, carte = Attaque tactique, cardId = AttaqueTactique, handIndex = 3, manaApres = 3, handCount = 4, cible = Joueur 1, toGraveyard = True, turnNumber = 10 }
323	2026-03-01T14:30:53.7234462Z	DamageApplied	{ cible = Joueur 1, source = Attaque tactique, baseDamage = 2, casterForce = 3, damageTotal = 5, toShield = 5, toPV = 0, pvAvant = 42, pvApres = 42, shieldAvant = 13, shieldApres = 8 }
324	2026-03-01T14:30:53.7239751Z	NoReaction	{ defenseur = Joueur 1, attaquant = Joueur 2, source = Attaque tactique, baseDamage = 2, casterForce = 3, turnNumber = 10 }
325	2026-03-01T14:30:53.7260764Z	ReactionPhase	{ attaquant = Joueur 2, defenseur = Joueur 1, source = Fendoire mortel, cardId = FendoireMortel, turnNumber = 10 }
326	2026-03-01T14:30:53.7260764Z	PlayCard	{ joueur = Joueur 2, carte = Fendoire mortel, cardId = FendoireMortel, handIndex = 3, manaApres = 2, handCount = 3, cible = Joueur 1, toGraveyard = False, turnNumber = 10 }
327	2026-03-01T14:30:56.7318668Z	DamageApplied	{ cible = Joueur 1, source = Fendoire mortel, baseDamage = 20, casterForce = 0, damageTotal = 20, toShield = 8, toPV = 12, pvAvant = 42, pvApres = 30, shieldAvant = 8, shieldApres = 0 }
328	2026-03-01T14:30:56.7333917Z	NoReaction	{ defenseur = Joueur 1, attaquant = Joueur 2, source = Fendoire mortel, baseDamage = 20, casterForce = 0, turnNumber = 10 }
329	2026-03-01T14:30:56.7359353Z	StrikeReactionPhase	{ frappeur = Joueur 2, cible = Joueur 1, baseDamage = 5, casterForce = 3, runeStrikes = 0, damageTotal = 8, turnNumber = 10 }
330	2026-03-01T14:30:59.7365691Z	DamageApplied	{ cible = Joueur 1, source = Frappe, baseDamage = 5, casterForce = 3, damageTotal = 8, toShield = 0, toPV = 8, pvAvant = 30, pvApres = 22, shieldAvant = 0, shieldApres = 0 }
331	2026-03-01T14:30:59.7365691Z	RuneAgressivite	{ joueur = Joueur 2, forceBonus = 1, duree = jusqu'à fin du tour }
332	2026-03-01T14:30:59.7375809Z	NoReaction	{ defenseur = Joueur 1, attaquant = Joueur 2, source = Frappe, baseDamage = 5, casterForce = 3, turnNumber = 10 }
333	2026-03-01T14:30:59.7390884Z	DamageApplied	{ cible = Joueur 1, source = Guillotine, baseDamage = 5, casterForce = 8, damageTotal = 13, toShield = 0, toPV = 13, pvAvant = 22, pvApres = 9, shieldAvant = 0, shieldApres = 0 }
334	2026-03-01T14:30:59.7400955Z	PlayCard	{ joueur = Joueur 2, carte = Guillotine, cardId = Guillotine, handIndex = 0, manaApres = 1, handCount = 2, cible = Joueur 1, toGraveyard = True, turnNumber = 10 }
335	2026-03-01T14:31:00.0434171Z	ForceBonusExpired	{ joueur = Joueur 2, forceRetiree = 0, forceApres = 3, turnNumber = 10 }
336	2026-03-01T14:31:00.1452289Z	EndTurn	{ joueur = Joueur 2, manaReserved = 1, pv = 48, shield = 4, handCount = 2, turnNumber = 10 }
337	2026-03-01T14:31:00.2458323Z	StartTurn	{ joueur = Joueur 1, turnNumber = 11, turnCount = 20, discarded = 5, deckKind = Magicien }
338	2026-03-01T14:31:00.3494454Z	Draw	{ joueur = Joueur 1, requested = 2, drawn = 2, deckRemaining = 8, handCount = 2 }
339	2026-03-01T14:31:00.4527478Z	Draw	{ joueur = Joueur 1, requested = 5, drawn = 5, deckRemaining = 3, handCount = 7, mana = 3, turnNumber = 11 }
340	2026-03-01T14:31:08.5220204Z	ReactionPhase	{ attaquant = Joueur 1, defenseur = Joueur 2, source = Explosion de magie éphémère, cardId = ExplosionMagieEphemere, turnNumber = 11 }
341	2026-03-01T14:31:08.5230375Z	PlayCard	{ joueur = Joueur 1, carte = Explosion de magie éphémère, cardId = ExplosionMagieEphemere, handIndex = 0, manaApres = 2, handCount = 6, cible = Joueur 2, toGraveyard = True, turnNumber = 11 }
342	2026-03-01T14:31:08.5279571Z	RapidPlayed	{ carte = Parade, cardId = Parade, joueur = Joueur 2, attaquant = Joueur 1, type = Parade }
343	2026-03-01T14:31:08.5279571Z	PlayRapid	{ joueur = Joueur 2, carte = Parade, cardId = Parade, type = Parade ou Contre-attaque, turnNumber = 11 }
344	2026-03-01T14:31:11.3220147Z	ReactionPhase	{ attaquant = Joueur 1, defenseur = Joueur 2, source = Attaque, cardId = Attaque, turnNumber = 11 }
345	2026-03-01T14:31:11.3220147Z	PlayCard	{ joueur = Joueur 1, carte = Attaque, cardId = Attaque, handIndex = 2, manaApres = 1, handCount = 5, cible = Joueur 2, toGraveyard = True, turnNumber = 11 }
346	2026-03-01T14:31:11.3265829Z	DamageBlocked	{ cible = Joueur 2, source = Attaque, reason = Invincible, targetPV = 48, targetShield = 4 }
347	2026-03-01T14:31:11.3275837Z	DamageBlocked	{ cible = Joueur 2, source = Rune de force arcanique, reason = Invincible, targetPV = 48, targetShield = 4 }
348	2026-03-01T14:31:11.3275837Z	DamageBlocked	{ cible = Joueur 2, source = Rune de force arcanique, reason = Invincible, targetPV = 48, targetShield = 4 }
349	2026-03-01T14:31:11.3291131Z	NoReaction	{ defenseur = Joueur 2, attaquant = Joueur 1, source = Attaque, baseDamage = 5, casterForce = 3, turnNumber = 11 }
350	2026-03-01T14:31:12.8830802Z	ReactionPhase	{ attaquant = Joueur 1, defenseur = Joueur 2, source = Attaque, cardId = Attaque, turnNumber = 11 }
351	2026-03-01T14:31:12.8836086Z	PlayCard	{ joueur = Joueur 1, carte = Attaque, cardId = Attaque, handIndex = 0, manaApres = 0, handCount = 4, cible = Joueur 2, toGraveyard = True, turnNumber = 11 }
352	2026-03-01T14:31:12.8877142Z	DamageBlocked	{ cible = Joueur 2, source = Attaque, reason = Invincible, targetPV = 48, targetShield = 4 }
353	2026-03-01T14:31:12.8877142Z	DamageBlocked	{ cible = Joueur 2, source = Rune de force arcanique, reason = Invincible, targetPV = 48, targetShield = 4 }
354	2026-03-01T14:31:12.8892206Z	DamageBlocked	{ cible = Joueur 2, source = Rune de force arcanique, reason = Invincible, targetPV = 48, targetShield = 4 }
355	2026-03-01T14:31:12.8897370Z	NoReaction	{ defenseur = Joueur 2, attaquant = Joueur 1, source = Attaque, baseDamage = 5, casterForce = 3, turnNumber = 11 }
356	2026-03-01T14:31:17.2089753Z	EndTurnRequested	{ joueur = Joueur 1, turnNumber = 11 }
357	2026-03-01T14:31:17.2117223Z	ShieldApplied	{ cible = Joueur 1, source = Rune essence arcanique, baseShield = 5, resistance = 0, amount = 5, shieldAvant = 0, shieldApres = 5 }
358	2026-03-01T14:31:17.2231788Z	EndTurn	{ joueur = Joueur 1, manaReserved = 0, pv = 9, shield = 5, handCount = 4, turnNumber = 11 }
359	2026-03-01T14:31:17.2359948Z	StartTurn	{ joueur = Joueur 2, turnNumber = 11, turnCount = 21, discarded = 1, deckKind = Guerrier }
360	2026-03-01T14:31:17.2467171Z	RuneEndurance	{ joueur = Joueur 2, pvAvant = 48, pvApres = 51, heal = 3, turnNumber = 11 }
361	2026-03-01T14:31:17.2606896Z	DeckReshuffled	{ joueur = Joueur 2, cardsFromGraveyard = 19, deckSize = 19, turnNumber = 11 }
362	2026-03-01T14:31:17.2606896Z	Draw	{ joueur = Joueur 2, requested = 5, drawn = 5, deckRemaining = 16, handCount = 5, mana = 3, turnNumber = 11 }
363	2026-03-01T14:31:17.2751453Z	StrikeReactionPhase	{ frappeur = Joueur 2, cible = Joueur 1, baseDamage = 5, casterForce = 3, runeStrikes = 0, damageTotal = 8, turnNumber = 11 }
364	2026-03-01T14:31:20.2772271Z	DamageApplied	{ cible = Joueur 1, source = Frappe, baseDamage = 5, casterForce = 3, damageTotal = 8, toShield = 5, toPV = 3, pvAvant = 9, pvApres = 6, shieldAvant = 5, shieldApres = 0 }
365	2026-03-01T14:31:20.2772271Z	RuneAgressivite	{ joueur = Joueur 2, forceBonus = 1, duree = jusqu'à fin du tour }
366	2026-03-01T14:31:20.2772271Z	NoReaction	{ defenseur = Joueur 1, attaquant = Joueur 2, source = Frappe, baseDamage = 5, casterForce = 3, turnNumber = 11 }
367	2026-03-01T14:31:20.2803034Z	ShieldApplied	{ cible = Joueur 2, source = Défense lourde, baseShield = 10, resistance = 3, amount = 40, shieldAvant = 0, shieldApres = 40 }
368	2026-03-01T14:31:20.2803034Z	PlayCard	{ joueur = Joueur 2, carte = Défense lourde, cardId = DefenseLourde, handIndex = 3, manaApres = 2, handCount = 4, cible = Joueur 1, toGraveyard = True, turnNumber = 11 }
369	2026-03-01T14:31:20.5821748Z	ShieldApplied	{ cible = Joueur 2, source = Attaque lourde, baseShield = 4, resistance = 3, amount = 16, shieldAvant = 40, shieldApres = 56 }
370	2026-03-01T14:31:20.5836817Z	ReactionPhase	{ attaquant = Joueur 2, defenseur = Joueur 1, source = Attaque lourde, cardId = AttaqueLourde, turnNumber = 11 }
371	2026-03-01T14:31:20.5836817Z	PlayCard	{ joueur = Joueur 2, carte = Attaque lourde, cardId = AttaqueLourde, handIndex = 2, manaApres = 0, handCount = 3, cible = Joueur 1, toGraveyard = True, turnNumber = 11 }
372	2026-03-01T14:31:23.5859997Z	DamageApplied	{ cible = Joueur 1, source = Attaque lourde, baseDamage = 7, casterForce = 4, damageTotal = 11, toShield = 0, toPV = 11, pvAvant = 6, pvApres = 0, shieldAvant = 0, shieldApres = 0 }
373	2026-03-01T14:31:23.5859997Z	NoReaction	{ defenseur = Joueur 1, attaquant = Joueur 2, source = Attaque lourde, baseDamage = 7, casterForce = 4, turnNumber = 11 }
374	2026-03-01T14:31:23.5875329Z	Victory	{ gagnant = Joueur 2, winnerIndex = 1, turnCount = 21, deckJoueur1 = Magicien, deckJoueur2 = Guerrier }
